A valid `test_data.tar.gz` test archive (47692470B) found in the `C:\Users\MAYURI\hi_itn_test\NeMo-text-processing\tests\.data` folder.
============================= test session starts =============================
platform win32 -- Python 3.13.9, pytest-8.4.2, pluggy-1.5.0 -- C:\Users\MAYURI\anaconda3\python.exe
cachedir: .pytest_cache
rootdir: C:\Users\MAYURI\hi_itn_test\NeMo-text-processing
configfile: setup.cfg
plugins: anyio-4.10.0
collecting ... collected 1155 items

tests/nemo_text_processing/hi/test_electronic.py::TestElectronic::test_denorm_0000__ PASSED [  0%]
tests/nemo_text_processing/hi/test_electronic.py::TestElectronic::test_denorm_0001__ PASSED [  0%]
tests/nemo_text_processing/hi/test_electronic.py::TestElectronic::test_denorm_0002__ PASSED [  0%]
tests/nemo_text_processing/hi/test_electronic.py::TestElectronic::test_denorm_0003__ PASSED [  0%]
tests/nemo_text_processing/hi/test_electronic.py::TestElectronic::test_denorm_0004__ PASSED [  0%]
tests/nemo_text_processing/hi/test_electronic.py::TestElectronic::test_denorm_0005__ PASSED [  0%]
tests/nemo_text_processing/hi/test_electronic.py::TestElectronic::test_denorm_0006__ PASSED [  0%]
tests/nemo_text_processing/hi/test_electronic.py::TestElectronic::test_denorm_0007__ PASSED [  0%]
tests/nemo_text_processing/hi/test_electronic.py::TestElectronic::test_denorm_0008__ PASSED [  0%]
tests/nemo_text_processing/hi/test_electronic.py::TestElectronic::test_denorm_0009__ PASSED [  0%]
tests/nemo_text_processing/hi/test_electronic.py::TestElectronic::test_denorm_0010__ PASSED [  0%]
tests/nemo_text_processing/hi/test_electronic.py::TestElectronic::test_denorm_0011__ PASSED [  1%]
tests/nemo_text_processing/hi/test_electronic.py::TestElectronic::test_denorm_0012__ PASSED [  1%]
tests/nemo_text_processing/hi/test_electronic.py::TestElectronic::test_denorm_0013__ PASSED [  1%]
tests/nemo_text_processing/hi/test_electronic.py::TestElectronic::test_denorm_0014__ PASSED [  1%]
tests/nemo_text_processing/hi/test_electronic.py::TestElectronic::test_denorm_0015__ PASSED [  1%]
tests/nemo_text_processing/hi/test_electronic.py::TestElectronic::test_denorm_0016__ PASSED [  1%]
tests/nemo_text_processing/hi/test_electronic.py::TestElectronic::test_denorm_0017__ PASSED [  1%]
tests/nemo_text_processing/hi/test_electronic.py::TestElectronic::test_denorm_0018__ PASSED [  1%]
tests/nemo_text_processing/hi/test_electronic.py::TestElectronic::test_denorm_0019__ PASSED [  1%]
tests/nemo_text_processing/hi/test_electronic.py::TestElectronic::test_denorm_0020__ PASSED [  1%]
tests/nemo_text_processing/hi/test_electronic.py::TestElectronic::test_denorm_0021__ PASSED [  1%]
tests/nemo_text_processing/hi/test_electronic.py::TestElectronic::test_denorm_0022__ PASSED [  1%]
tests/nemo_text_processing/hi/test_electronic.py::TestElectronic::test_denorm_0023__ PASSED [  2%]
tests/nemo_text_processing/hi/test_electronic.py::TestElectronic::test_denorm_0024__ PASSED [  2%]
tests/nemo_text_processing/hi/test_electronic.py::TestElectronic::test_denorm_0025__ PASSED [  2%]
tests/nemo_text_processing/hi/test_electronic.py::TestElectronic::test_denorm_0026__ PASSED [  2%]
tests/nemo_text_processing/hi/test_electronic.py::TestElectronic::test_denorm_0027__ PASSED [  2%]
tests/nemo_text_processing/hi/test_electronic.py::TestElectronic::test_denorm_0028__ PASSED [  2%]
tests/nemo_text_processing/hi/test_electronic.py::TestElectronic::test_denorm_0029__ PASSED [  2%]
tests/nemo_text_processing/hi/test_electronic.py::TestElectronic::test_denorm_0030__ PASSED [  2%]
tests/nemo_text_processing/hi/test_electronic.py::TestElectronic::test_denorm_0031__ PASSED [  2%]
tests/nemo_text_processing/hi/test_electronic.py::TestElectronic::test_denorm_0032__ PASSED [  2%]
tests/nemo_text_processing/hi/test_electronic.py::TestElectronic::test_denorm_0033__ PASSED [  2%]
tests/nemo_text_processing/hi/test_electronic.py::TestElectronic::test_denorm_0034__ PASSED [  3%]
tests/nemo_text_processing/hi/test_electronic.py::TestElectronic::test_denorm_0035__ PASSED [  3%]
tests/nemo_text_processing/hi/test_electronic.py::TestElectronic::test_denorm_0036__ PASSED [  3%]
tests/nemo_text_processing/hi/test_electronic.py::TestElectronic::test_denorm_0037__ PASSED [  3%]
tests/nemo_text_processing/hi/test_electronic.py::TestElectronic::test_denorm_0038__ PASSED [  3%]
tests/nemo_text_processing/hi/test_electronic.py::TestElectronic::test_denorm_0039__ PASSED [  3%]
tests/nemo_text_processing/hi/test_electronic.py::TestElectronic::test_denorm_0040__ PASSED [  3%]
tests/nemo_text_processing/hi/test_electronic.py::TestElectronic::test_denorm_0041__ PASSED [  3%]
tests/nemo_text_processing/hi/test_electronic.py::TestElectronic::test_denorm_0042__ PASSED [  3%]
tests/nemo_text_processing/hi/test_electronic.py::TestElectronic::test_denorm_0043__ PASSED [  3%]
tests/nemo_text_processing/hi/test_electronic.py::TestElectronic::test_denorm_0044__ PASSED [  3%]
tests/nemo_text_processing/hi/test_electronic.py::TestElectronic::test_denorm_0045__ PASSED [  3%]
tests/nemo_text_processing/hi/test_electronic.py::TestElectronic::test_denorm_0046__ PASSED [  4%]
tests/nemo_text_processing/hi/test_electronic.py::TestElectronic::test_denorm_0047__ PASSED [  4%]
tests/nemo_text_processing/hi/test_electronic.py::TestElectronic::test_denorm_0048__ PASSED [  4%]
tests/nemo_text_processing/hi/test_electronic.py::TestElectronic::test_denorm_0049__ PASSED [  4%]
tests/nemo_text_processing/hi/test_electronic.py::TestElectronic::test_denorm_0050__ PASSED [  4%]
tests/nemo_text_processing/hi/test_electronic.py::TestElectronic::test_denorm_0051__ PASSED [  4%]
tests/nemo_text_processing/hi/test_electronic.py::TestElectronic::test_denorm_0052__ PASSED [  4%]
tests/nemo_text_processing/hi/test_electronic.py::TestElectronic::test_denorm_0053__ PASSED [  4%]
tests/nemo_text_processing/hi/test_electronic.py::TestElectronic::test_denorm_0054__ PASSED [  4%]
tests/nemo_text_processing/hi/test_electronic.py::TestElectronic::test_denorm_0055__ PASSED [  4%]
tests/nemo_text_processing/hi/test_electronic.py::TestElectronic::test_denorm_0056__ PASSED [  4%]
tests/nemo_text_processing/hi/test_electronic.py::TestElectronic::test_denorm_0057__ PASSED [  5%]
tests/nemo_text_processing/hi/test_electronic.py::TestElectronic::test_denorm_0058__ PASSED [  5%]
tests/nemo_text_processing/hi/test_electronic.py::TestElectronic::test_denorm_0059__ PASSED [  5%]
tests/nemo_text_processing/hi/test_electronic.py::TestElectronic::test_denorm_0060__ PASSED [  5%]
tests/nemo_text_processing/hi/test_electronic.py::TestElectronic::test_denorm_0061__ PASSED [  5%]
tests/nemo_text_processing/hi/test_electronic.py::TestElectronic::test_denorm_0062__ PASSED [  5%]
tests/nemo_text_processing/hi/test_electronic.py::TestElectronic::test_denorm_0063__ PASSED [  5%]
tests/nemo_text_processing/hi/test_electronic.py::TestElectronic::test_denorm_0064__ PASSED [  5%]
tests/nemo_text_processing/hi/test_electronic.py::TestElectronic::test_denorm_0065__ PASSED [  5%]
tests/nemo_text_processing/hi/test_electronic.py::TestElectronic::test_denorm_0066__ PASSED [  5%]
tests/nemo_text_processing/hi/test_electronic.py::TestElectronic::test_denorm_0067__ PASSED [  5%]
tests/nemo_text_processing/hi/test_electronic.py::TestElectronic::test_denorm_0068__ PASSED [  5%]
tests/nemo_text_processing/hi/test_electronic.py::TestElectronic::test_denorm_0069__ PASSED [  6%]
tests/nemo_text_processing/hi/test_electronic.py::TestElectronic::test_denorm_0070__ PASSED [  6%]
tests/nemo_text_processing/hi/test_electronic.py::TestElectronic::test_denorm_0071__ PASSED [  6%]
tests/nemo_text_processing/hi/test_electronic.py::TestElectronic::test_denorm_0072__ PASSED [  6%]
tests/nemo_text_processing/hi/test_electronic.py::TestElectronic::test_denorm_0073__ PASSED [  6%]
tests/nemo_text_processing/hi/test_electronic.py::TestElectronic::test_denorm_0074__ PASSED [  6%]
tests/nemo_text_processing/hi/test_electronic.py::TestElectronic::test_denorm_0075__ PASSED [  6%]
tests/nemo_text_processing/hi/test_electronic.py::TestElectronic::test_denorm_0076__ PASSED [  6%]
tests/nemo_text_processing/hi/test_electronic.py::TestElectronic::test_denorm_0077__ PASSED [  6%]
tests/nemo_text_processing/hi/test_electronic.py::TestElectronic::test_denorm_0078__ PASSED [  6%]
tests/nemo_text_processing/hi/test_electronic.py::TestElectronic::test_denorm_0079__ PASSED [  6%]
tests/nemo_text_processing/hi/test_electronic.py::TestElectronic::test_denorm_0080__ PASSED [  7%]
tests/nemo_text_processing/hi/test_electronic.py::TestElectronic::test_denorm_0081__ PASSED [  7%]
tests/nemo_text_processing/hi/test_electronic.py::TestElectronic::test_denorm_0082__ PASSED [  7%]
tests/nemo_text_processing/hi/test_electronic.py::TestElectronic::test_denorm_0083__ FAILED [  7%]
tests/nemo_text_processing/hi/test_electronic.py::TestElectronic::test_denorm_0084__ FAILED [  7%]
tests/nemo_text_processing/hi/test_electronic.py::TestElectronic::test_denorm_0085__ PASSED [  7%]
tests/nemo_text_processing/hi/test_electronic.py::TestElectronic::test_denorm_0086__ PASSED [  7%]
tests/nemo_text_processing/hi/test_electronic.py::TestElectronic::test_denorm_0087__ PASSED [  7%]
tests/nemo_text_processing/hi/test_electronic.py::TestElectronic::test_denorm_0088__ PASSED [  7%]
tests/nemo_text_processing/hi/test_electronic.py::TestElectronic::test_denorm_0089__ PASSED [  7%]
tests/nemo_text_processing/hi/test_electronic.py::TestElectronic::test_denorm_0090__ PASSED [  7%]
tests/nemo_text_processing/hi/test_electronic.py::TestElectronic::test_denorm_0091__ PASSED [  7%]
tests/nemo_text_processing/hi/test_electronic.py::TestElectronic::test_denorm_0092__ PASSED [  8%]
tests/nemo_text_processing/hi/test_electronic.py::TestElectronic::test_denorm_0093__ FAILED [  8%]
tests/nemo_text_processing/hi/test_electronic.py::TestElectronic::test_denorm_0094__ PASSED [  8%]
tests/nemo_text_processing/hi/test_electronic.py::TestElectronic::test_denorm_0095__ PASSED [  8%]
tests/nemo_text_processing/hi/test_electronic.py::TestElectronic::test_denorm_0096__ PASSED [  8%]
tests/nemo_text_processing/hi/test_electronic.py::TestElectronic::test_denorm_0097__ PASSED [  8%]
tests/nemo_text_processing/hi/test_electronic.py::TestElectronic::test_denorm_0098__ PASSED [  8%]
tests/nemo_text_processing/hi/test_electronic.py::TestElectronic::test_denorm_0099__ PASSED [  8%]
tests/nemo_text_processing/hi/test_electronic.py::TestElectronic::test_denorm_0100__ PASSED [  8%]
tests/nemo_text_processing/hi/test_electronic.py::TestElectronic::test_denorm_0101__ PASSED [  8%]
tests/nemo_text_processing/hi/test_electronic.py::TestElectronic::test_denorm_0102__ PASSED [  8%]
tests/nemo_text_processing/hi/test_electronic.py::TestElectronic::test_denorm_0103__ PASSED [  9%]
tests/nemo_text_processing/hi/test_electronic.py::TestElectronic::test_denorm_0104__ PASSED [  9%]
tests/nemo_text_processing/hi/test_electronic.py::TestElectronic::test_denorm_0105__ PASSED [  9%]
tests/nemo_text_processing/hi/test_electronic.py::TestElectronic::test_denorm_0106__ PASSED [  9%]
tests/nemo_text_processing/hi/test_electronic.py::TestElectronic::test_denorm_0107__ PASSED [  9%]
tests/nemo_text_processing/hi/test_electronic.py::TestElectronic::test_denorm_0108__ PASSED [  9%]
tests/nemo_text_processing/hi/test_electronic.py::TestElectronic::test_denorm_0109__ PASSED [  9%]
tests/nemo_text_processing/hi/test_electronic.py::TestElectronic::test_denorm_0110__ PASSED [  9%]
tests/nemo_text_processing/hi/test_electronic.py::TestElectronic::test_denorm_0111__ PASSED [  9%]
tests/nemo_text_processing/hi/test_electronic.py::TestElectronic::test_denorm_0112__ PASSED [  9%]
tests/nemo_text_processing/hi/test_electronic.py::TestElectronic::test_denorm_0113__ PASSED [  9%]
tests/nemo_text_processing/hi/test_electronic.py::TestElectronic::test_denorm_0114__ PASSED [  9%]
tests/nemo_text_processing/hi/test_electronic.py::TestElectronic::test_denorm_0115__ PASSED [ 10%]
tests/nemo_text_processing/hi/test_electronic.py::TestElectronic::test_denorm_0116__ PASSED [ 10%]
tests/nemo_text_processing/hi/test_electronic.py::TestElectronic::test_denorm_0117__ PASSED [ 10%]
tests/nemo_text_processing/hi/test_electronic.py::TestElectronic::test_denorm_0118__ PASSED [ 10%]
tests/nemo_text_processing/hi/test_electronic.py::TestElectronic::test_denorm_0119__ PASSED [ 10%]
tests/nemo_text_processing/hi/test_electronic.py::TestElectronic::test_denorm_0120__ PASSED [ 10%]
tests/nemo_text_processing/hi/test_electronic.py::TestElectronic::test_denorm_0121__ PASSED [ 10%]
tests/nemo_text_processing/hi/test_electronic.py::TestElectronic::test_denorm_0122__ PASSED [ 10%]
tests/nemo_text_processing/hi/test_electronic.py::TestElectronic::test_denorm_0123__ PASSED [ 10%]
tests/nemo_text_processing/hi/test_electronic.py::TestElectronic::test_denorm_0124__ PASSED [ 10%]
tests/nemo_text_processing/hi/test_electronic.py::TestElectronic::test_denorm_0125__ PASSED [ 10%]
tests/nemo_text_processing/hi/test_electronic.py::TestElectronic::test_denorm_0126__ PASSED [ 10%]
tests/nemo_text_processing/hi/test_electronic.py::TestElectronic::test_denorm_0127__ PASSED [ 11%]
tests/nemo_text_processing/hi/test_electronic.py::TestElectronic::test_denorm_0128__ PASSED [ 11%]
tests/nemo_text_processing/hi/test_electronic.py::TestElectronic::test_denorm_0129__ PASSED [ 11%]
tests/nemo_text_processing/hi/test_electronic.py::TestElectronic::test_denorm_0130__ PASSED [ 11%]
tests/nemo_text_processing/hi/test_electronic.py::TestElectronic::test_denorm_0131__ PASSED [ 11%]
tests/nemo_text_processing/hi/test_electronic.py::TestElectronic::test_denorm_0132__ PASSED [ 11%]
tests/nemo_text_processing/hi/test_electronic.py::TestElectronic::test_denorm_0133__ PASSED [ 11%]
tests/nemo_text_processing/hi/test_electronic.py::TestElectronic::test_denorm_0134__ PASSED [ 11%]
tests/nemo_text_processing/hi/test_electronic.py::TestElectronic::test_denorm_0135__ PASSED [ 11%]
tests/nemo_text_processing/hi/test_electronic.py::TestElectronic::test_denorm_0136__ PASSED [ 11%]
tests/nemo_text_processing/hi/test_electronic.py::TestElectronic::test_denorm_0137__ PASSED [ 11%]
tests/nemo_text_processing/hi/test_electronic.py::TestElectronic::test_denorm_0138__ PASSED [ 12%]
tests/nemo_text_processing/hi/test_electronic.py::TestElectronic::test_denorm_0139__ PASSED [ 12%]
tests/nemo_text_processing/hi/test_electronic.py::TestElectronic::test_denorm_0140__ PASSED [ 12%]
tests/nemo_text_processing/hi/test_electronic.py::TestElectronic::test_denorm_0141__ PASSED [ 12%]
tests/nemo_text_processing/hi/test_electronic.py::TestElectronic::test_denorm_0142__ PASSED [ 12%]
tests/nemo_text_processing/hi/test_electronic.py::TestElectronic::test_denorm_0143__ PASSED [ 12%]
tests/nemo_text_processing/hi/test_electronic.py::TestElectronic::test_denorm_0144__ PASSED [ 12%]
tests/nemo_text_processing/hi/test_electronic.py::TestElectronic::test_denorm_0145__ PASSED [ 12%]
tests/nemo_text_processing/hi/test_electronic.py::TestElectronic::test_denorm_0146__ PASSED [ 12%]
tests/nemo_text_processing/hi/test_electronic.py::TestElectronic::test_denorm_0147__ PASSED [ 12%]
tests/nemo_text_processing/hi/test_electronic.py::TestElectronic::test_denorm_0148__ PASSED [ 12%]
tests/nemo_text_processing/hi/test_electronic.py::TestElectronic::test_denorm_0149__ PASSED [ 12%]
tests/nemo_text_processing/hi/test_electronic.py::TestElectronic::test_denorm_0150__ PASSED [ 13%]
tests/nemo_text_processing/hi/test_electronic.py::TestElectronic::test_denorm_0151__ PASSED [ 13%]
tests/nemo_text_processing/hi/test_electronic.py::TestElectronic::test_denorm_0152__ PASSED [ 13%]
tests/nemo_text_processing/hi/test_electronic.py::TestElectronic::test_denorm_0153__ PASSED [ 13%]
tests/nemo_text_processing/hi/test_electronic.py::TestElectronic::test_denorm_0154__ PASSED [ 13%]
tests/nemo_text_processing/hi/test_electronic.py::TestElectronic::test_denorm_0155__ PASSED [ 13%]
tests/nemo_text_processing/hi/test_electronic.py::TestElectronic::test_denorm_0156__ PASSED [ 13%]
tests/nemo_text_processing/hi/test_electronic.py::TestElectronic::test_denorm_0157__ PASSED [ 13%]
tests/nemo_text_processing/hi/test_electronic.py::TestElectronic::test_denorm_0158__ PASSED [ 13%]
tests/nemo_text_processing/hi/test_electronic.py::TestElectronic::test_denorm_0159__ PASSED [ 13%]
tests/nemo_text_processing/hi/test_electronic.py::TestElectronic::test_denorm_0160__ PASSED [ 13%]
tests/nemo_text_processing/hi/test_electronic.py::TestElectronic::test_denorm_0161__ PASSED [ 14%]
tests/nemo_text_processing/hi/test_electronic.py::TestElectronic::test_denorm_0162__ PASSED [ 14%]
tests/nemo_text_processing/hi/test_electronic.py::TestElectronic::test_denorm_0163__ PASSED [ 14%]
tests/nemo_text_processing/hi/test_electronic.py::TestElectronic::test_denorm_0164__ PASSED [ 14%]
tests/nemo_text_processing/hi/test_electronic.py::TestElectronic::test_denorm_0165__ PASSED [ 14%]
tests/nemo_text_processing/hi/test_electronic.py::TestElectronic::test_denorm_0166__ PASSED [ 14%]
tests/nemo_text_processing/hi/test_electronic.py::TestElectronic::test_denorm_0167__ PASSED [ 14%]
tests/nemo_text_processing/hi/test_electronic.py::TestElectronic::test_denorm_0168__ PASSED [ 14%]
tests/nemo_text_processing/hi/test_electronic.py::TestElectronic::test_denorm_0169__ PASSED [ 14%]
tests/nemo_text_processing/hi/test_electronic.py::TestElectronic::test_denorm_0170__ PASSED [ 14%]
tests/nemo_text_processing/hi/test_electronic.py::TestElectronic::test_denorm_0171__ PASSED [ 14%]
tests/nemo_text_processing/hi/test_electronic.py::TestElectronic::test_denorm_0172__ PASSED [ 14%]
tests/nemo_text_processing/hi/test_electronic.py::TestElectronic::test_denorm_0173__ PASSED [ 15%]
tests/nemo_text_processing/hi/test_electronic.py::TestElectronic::test_denorm_0174__ PASSED [ 15%]
tests/nemo_text_processing/hi/test_electronic.py::TestElectronic::test_denorm_0175__ PASSED [ 15%]
tests/nemo_text_processing/hi/test_electronic.py::TestElectronic::test_denorm_0176__ PASSED [ 15%]
tests/nemo_text_processing/hi/test_electronic.py::TestElectronic::test_denorm_0177__ PASSED [ 15%]
tests/nemo_text_processing/hi/test_electronic.py::TestElectronic::test_denorm_0178__ PASSED [ 15%]
tests/nemo_text_processing/hi/test_electronic.py::TestElectronic::test_denorm_0179__ PASSED [ 15%]
tests/nemo_text_processing/hi/test_electronic.py::TestElectronic::test_denorm_0180__ PASSED [ 15%]
tests/nemo_text_processing/hi/test_electronic.py::TestElectronic::test_denorm_0181__ PASSED [ 15%]
tests/nemo_text_processing/hi/test_electronic.py::TestElectronic::test_denorm_0182__ PASSED [ 15%]
tests/nemo_text_processing/hi/test_electronic.py::TestElectronic::test_denorm_0183__ PASSED [ 15%]
tests/nemo_text_processing/hi/test_electronic.py::TestElectronic::test_denorm_0184__ PASSED [ 16%]
tests/nemo_text_processing/hi/test_electronic.py::TestElectronic::test_denorm_0185__ PASSED [ 16%]
tests/nemo_text_processing/hi/test_electronic.py::TestElectronic::test_denorm_0186__ PASSED [ 16%]
tests/nemo_text_processing/hi/test_electronic.py::TestElectronic::test_denorm_0187__ PASSED [ 16%]
tests/nemo_text_processing/hi/test_electronic.py::TestElectronic::test_denorm_0188__ PASSED [ 16%]
tests/nemo_text_processing/hi/test_electronic.py::TestElectronic::test_denorm_0189__ PASSED [ 16%]
tests/nemo_text_processing/hi/test_electronic.py::TestElectronic::test_denorm_0190__ PASSED [ 16%]
tests/nemo_text_processing/hi/test_electronic.py::TestElectronic::test_denorm_0191__ PASSED [ 16%]
tests/nemo_text_processing/hi/test_electronic.py::TestElectronic::test_denorm_0192__ PASSED [ 16%]
tests/nemo_text_processing/hi/test_electronic.py::TestElectronic::test_denorm_0193__ PASSED [ 16%]
tests/nemo_text_processing/hi/test_electronic.py::TestElectronic::test_denorm_0194__ PASSED [ 16%]
tests/nemo_text_processing/hi/test_electronic.py::TestElectronic::test_denorm_0195__ PASSED [ 16%]
tests/nemo_text_processing/hi/test_electronic.py::TestElectronic::test_denorm_0196__ PASSED [ 17%]
tests/nemo_text_processing/hi/test_electronic.py::TestElectronic::test_denorm_0197__ PASSED [ 17%]
tests/nemo_text_processing/hi/test_electronic.py::TestElectronic::test_denorm_0198__ PASSED [ 17%]
tests/nemo_text_processing/hi/test_electronic.py::TestElectronic::test_denorm_0199__ PASSED [ 17%]
tests/nemo_text_processing/hi/test_electronic.py::TestElectronic::test_denorm_0200__ PASSED [ 17%]
tests/nemo_text_processing/hi/test_electronic.py::TestElectronic::test_denorm_0201__ PASSED [ 17%]
tests/nemo_text_processing/hi/test_electronic.py::TestElectronic::test_denorm_0202__ PASSED [ 17%]
tests/nemo_text_processing/hi/test_electronic.py::TestElectronic::test_denorm_0203__ PASSED [ 17%]
tests/nemo_text_processing/hi/test_electronic.py::TestElectronic::test_denorm_0204__ PASSED [ 17%]
tests/nemo_text_processing/hi/test_electronic.py::TestElectronic::test_denorm_0205__ PASSED [ 17%]
tests/nemo_text_processing/hi/test_electronic.py::TestElectronic::test_denorm_0206__ PASSED [ 17%]
tests/nemo_text_processing/hi/test_electronic.py::TestElectronic::test_denorm_0207__ PASSED [ 18%]
tests/nemo_text_processing/hi/test_electronic.py::TestElectronic::test_denorm_0208__ PASSED [ 18%]
tests/nemo_text_processing/hi/test_electronic.py::TestElectronic::test_denorm_0209__ PASSED [ 18%]
tests/nemo_text_processing/hi/test_electronic.py::TestElectronic::test_denorm_0210__ PASSED [ 18%]
tests/nemo_text_processing/hi/test_electronic.py::TestElectronic::test_denorm_0211__ PASSED [ 18%]
tests/nemo_text_processing/hi/test_electronic.py::TestElectronic::test_denorm_0212__ PASSED [ 18%]
tests/nemo_text_processing/hi/test_electronic.py::TestElectronic::test_denorm_0213__ FAILED [ 18%]
tests/nemo_text_processing/hi/test_electronic.py::TestElectronic::test_denorm_0214__ PASSED [ 18%]
tests/nemo_text_processing/hi/test_electronic.py::TestElectronic::test_denorm_0215__ PASSED [ 18%]
tests/nemo_text_processing/hi/test_electronic.py::TestElectronic::test_denorm_0216__ PASSED [ 18%]
tests/nemo_text_processing/hi/test_electronic.py::TestElectronic::test_denorm_0217__ PASSED [ 18%]
tests/nemo_text_processing/hi/test_electronic.py::TestElectronic::test_denorm_0218__ PASSED [ 18%]
tests/nemo_text_processing/hi/test_electronic.py::TestElectronic::test_denorm_0219__ PASSED [ 19%]
tests/nemo_text_processing/hi/test_electronic.py::TestElectronic::test_denorm_0220__ PASSED [ 19%]
tests/nemo_text_processing/hi/test_electronic.py::TestElectronic::test_denorm_0221__ PASSED [ 19%]
tests/nemo_text_processing/hi/test_electronic.py::TestElectronic::test_denorm_0222__ PASSED [ 19%]
tests/nemo_text_processing/hi/test_electronic.py::TestElectronic::test_denorm_0223__ PASSED [ 19%]
tests/nemo_text_processing/hi/test_electronic.py::TestElectronic::test_denorm_0224__ PASSED [ 19%]
tests/nemo_text_processing/hi/test_electronic.py::TestElectronic::test_denorm_0225__ PASSED [ 19%]
tests/nemo_text_processing/hi/test_electronic.py::TestElectronic::test_denorm_0226__ PASSED [ 19%]
tests/nemo_text_processing/hi/test_electronic.py::TestElectronic::test_denorm_0227__ PASSED [ 19%]
tests/nemo_text_processing/hi/test_electronic.py::TestElectronic::test_denorm_0228__ PASSED [ 19%]
tests/nemo_text_processing/hi/test_electronic.py::TestElectronic::test_denorm_0229__ PASSED [ 19%]
tests/nemo_text_processing/hi/test_electronic.py::TestElectronic::test_denorm_0230__ PASSED [ 20%]
tests/nemo_text_processing/hi/test_electronic.py::TestElectronic::test_denorm_0231__ PASSED [ 20%]
tests/nemo_text_processing/hi/test_electronic.py::TestElectronic::test_denorm_0232__ PASSED [ 20%]
tests/nemo_text_processing/hi/test_electronic.py::TestElectronic::test_denorm_0233__ PASSED [ 20%]
tests/nemo_text_processing/hi/test_electronic.py::TestElectronic::test_denorm_0234__ PASSED [ 20%]
tests/nemo_text_processing/hi/test_electronic.py::TestElectronic::test_denorm_0235__ PASSED [ 20%]
tests/nemo_text_processing/hi/test_electronic.py::TestElectronic::test_denorm_0236__ PASSED [ 20%]
tests/nemo_text_processing/hi/test_electronic.py::TestElectronic::test_denorm_0237__ PASSED [ 20%]
tests/nemo_text_processing/hi/test_electronic.py::TestElectronic::test_denorm_0238__ PASSED [ 20%]
tests/nemo_text_processing/hi/test_electronic.py::TestElectronic::test_denorm_0239__ PASSED [ 20%]
tests/nemo_text_processing/hi/test_electronic.py::TestElectronic::test_denorm_0240__ PASSED [ 20%]
tests/nemo_text_processing/hi/test_electronic.py::TestElectronic::test_denorm_0241__ PASSED [ 20%]
tests/nemo_text_processing/hi/test_electronic.py::TestElectronic::test_denorm_0242__ PASSED [ 21%]
tests/nemo_text_processing/hi/test_electronic.py::TestElectronic::test_denorm_0243__ PASSED [ 21%]
tests/nemo_text_processing/hi/test_electronic.py::TestElectronic::test_denorm_0244__ PASSED [ 21%]
tests/nemo_text_processing/hi/test_electronic.py::TestElectronic::test_denorm_0245__ PASSED [ 21%]
tests/nemo_text_processing/hi/test_electronic.py::TestElectronic::test_denorm_0246__ PASSED [ 21%]
tests/nemo_text_processing/hi/test_electronic.py::TestElectronic::test_denorm_0247__ PASSED [ 21%]
tests/nemo_text_processing/hi/test_electronic.py::TestElectronic::test_denorm_0248__ PASSED [ 21%]
tests/nemo_text_processing/hi/test_electronic.py::TestElectronic::test_denorm_0249__ PASSED [ 21%]
tests/nemo_text_processing/hi/test_electronic.py::TestElectronic::test_denorm_0250__ PASSED [ 21%]
tests/nemo_text_processing/hi/test_electronic.py::TestElectronic::test_denorm_0251__ PASSED [ 21%]
tests/nemo_text_processing/hi/test_electronic.py::TestElectronic::test_denorm_0252__ PASSED [ 21%]
tests/nemo_text_processing/hi/test_electronic.py::TestElectronic::test_denorm_0253__ PASSED [ 21%]
tests/nemo_text_processing/hi/test_electronic.py::TestElectronic::test_denorm_0254__ PASSED [ 22%]
tests/nemo_text_processing/hi/test_electronic.py::TestElectronic::test_denorm_0255__ PASSED [ 22%]
tests/nemo_text_processing/hi/test_electronic.py::TestElectronic::test_denorm_0256__ PASSED [ 22%]
tests/nemo_text_processing/hi/test_electronic.py::TestElectronic::test_denorm_0257__ PASSED [ 22%]
tests/nemo_text_processing/hi/test_electronic.py::TestElectronic::test_denorm_0258__ PASSED [ 22%]
tests/nemo_text_processing/hi/test_electronic.py::TestElectronic::test_denorm_0259__ PASSED [ 22%]
tests/nemo_text_processing/hi/test_electronic.py::TestElectronic::test_denorm_0260__ PASSED [ 22%]
tests/nemo_text_processing/hi/test_electronic.py::TestElectronic::test_denorm_0261__ PASSED [ 22%]
tests/nemo_text_processing/hi/test_electronic.py::TestElectronic::test_denorm_0262__ PASSED [ 22%]
tests/nemo_text_processing/hi/test_electronic.py::TestElectronic::test_denorm_0263__ PASSED [ 22%]
tests/nemo_text_processing/hi/test_electronic.py::TestElectronic::test_denorm_0264__ PASSED [ 22%]
tests/nemo_text_processing/hi/test_electronic.py::TestElectronic::test_denorm_0265__ PASSED [ 23%]
tests/nemo_text_processing/hi/test_electronic.py::TestElectronic::test_denorm_0266__ PASSED [ 23%]
tests/nemo_text_processing/hi/test_electronic.py::TestElectronic::test_denorm_0267__ PASSED [ 23%]
tests/nemo_text_processing/hi/test_electronic.py::TestElectronic::test_denorm_0268__ PASSED [ 23%]
tests/nemo_text_processing/hi/test_electronic.py::TestElectronic::test_denorm_0269__ PASSED [ 23%]
tests/nemo_text_processing/hi/test_electronic.py::TestElectronic::test_denorm_0270__ PASSED [ 23%]
tests/nemo_text_processing/hi/test_electronic.py::TestElectronic::test_denorm_0271__ PASSED [ 23%]
tests/nemo_text_processing/hi/test_electronic.py::TestElectronic::test_denorm_0272__ PASSED [ 23%]
tests/nemo_text_processing/hi/test_electronic.py::TestElectronic::test_denorm_0273__ PASSED [ 23%]
tests/nemo_text_processing/hi/test_electronic.py::TestElectronic::test_denorm_0274__ PASSED [ 23%]
tests/nemo_text_processing/hi/test_electronic.py::TestElectronic::test_denorm_0275__ PASSED [ 23%]
tests/nemo_text_processing/hi/test_electronic.py::TestElectronic::test_denorm_0276__ PASSED [ 23%]
tests/nemo_text_processing/hi/test_electronic.py::TestElectronic::test_denorm_0277__ PASSED [ 24%]
tests/nemo_text_processing/hi/test_electronic.py::TestElectronic::test_denorm_0278__ PASSED [ 24%]
tests/nemo_text_processing/hi/test_electronic.py::TestElectronic::test_denorm_0279__ PASSED [ 24%]
tests/nemo_text_processing/hi/test_electronic.py::TestElectronic::test_denorm_0280__ PASSED [ 24%]
tests/nemo_text_processing/hi/test_electronic.py::TestElectronic::test_denorm_0281__ PASSED [ 24%]
tests/nemo_text_processing/hi/test_electronic.py::TestElectronic::test_denorm_0282__ PASSED [ 24%]
tests/nemo_text_processing/hi/test_electronic.py::TestElectronic::test_denorm_0283__ PASSED [ 24%]
tests/nemo_text_processing/hi/test_electronic.py::TestElectronic::test_denorm_0284__ PASSED [ 24%]
tests/nemo_text_processing/hi/test_electronic.py::TestElectronic::test_denorm_0285__ PASSED [ 24%]
tests/nemo_text_processing/hi/test_electronic.py::TestElectronic::test_denorm_0286__ PASSED [ 24%]
tests/nemo_text_processing/hi/test_electronic.py::TestElectronic::test_denorm_0287__ PASSED [ 24%]
tests/nemo_text_processing/hi/test_electronic.py::TestElectronic::test_denorm_0288__ PASSED [ 25%]
tests/nemo_text_processing/hi/test_electronic.py::TestElectronic::test_denorm_0289__ PASSED [ 25%]
tests/nemo_text_processing/hi/test_electronic.py::TestElectronic::test_denorm_0290__ PASSED [ 25%]
tests/nemo_text_processing/hi/test_electronic.py::TestElectronic::test_denorm_0291__ PASSED [ 25%]
tests/nemo_text_processing/hi/test_electronic.py::TestElectronic::test_denorm_0292__ PASSED [ 25%]
tests/nemo_text_processing/hi/test_electronic.py::TestElectronic::test_denorm_0293__ PASSED [ 25%]
tests/nemo_text_processing/hi/test_electronic.py::TestElectronic::test_denorm_0294__ PASSED [ 25%]
tests/nemo_text_processing/hi/test_electronic.py::TestElectronic::test_denorm_0295__ PASSED [ 25%]
tests/nemo_text_processing/hi/test_electronic.py::TestElectronic::test_denorm_0296__ PASSED [ 25%]
tests/nemo_text_processing/hi/test_electronic.py::TestElectronic::test_denorm_0297__ PASSED [ 25%]
tests/nemo_text_processing/hi/test_electronic.py::TestElectronic::test_denorm_0298__ PASSED [ 25%]
tests/nemo_text_processing/hi/test_electronic.py::TestElectronic::test_denorm_0299__ PASSED [ 25%]
tests/nemo_text_processing/hi/test_electronic.py::TestElectronic::test_denorm_0300__ PASSED [ 26%]
tests/nemo_text_processing/hi/test_electronic.py::TestElectronic::test_denorm_0301__ PASSED [ 26%]
tests/nemo_text_processing/hi/test_electronic.py::TestElectronic::test_denorm_0302__ PASSED [ 26%]
tests/nemo_text_processing/hi/test_electronic.py::TestElectronic::test_denorm_0303__ PASSED [ 26%]
tests/nemo_text_processing/hi/test_electronic.py::TestElectronic::test_denorm_0304__ PASSED [ 26%]
tests/nemo_text_processing/hi/test_electronic.py::TestElectronic::test_denorm_0305__ PASSED [ 26%]
tests/nemo_text_processing/hi/test_electronic.py::TestElectronic::test_denorm_0306__ PASSED [ 26%]
tests/nemo_text_processing/hi/test_electronic.py::TestElectronic::test_denorm_0307__ PASSED [ 26%]
tests/nemo_text_processing/hi/test_electronic.py::TestElectronic::test_denorm_0308__ PASSED [ 26%]
tests/nemo_text_processing/hi/test_electronic.py::TestElectronic::test_denorm_0309__ PASSED [ 26%]
tests/nemo_text_processing/hi/test_electronic.py::TestElectronic::test_denorm_0310__ PASSED [ 26%]
tests/nemo_text_processing/hi/test_electronic.py::TestElectronic::test_denorm_0311__ PASSED [ 27%]
tests/nemo_text_processing/hi/test_electronic.py::TestElectronic::test_denorm_0312__ PASSED [ 27%]
tests/nemo_text_processing/hi/test_electronic.py::TestElectronic::test_denorm_0313__ PASSED [ 27%]
tests/nemo_text_processing/hi/test_electronic.py::TestElectronic::test_denorm_0314__ PASSED [ 27%]
tests/nemo_text_processing/hi/test_electronic.py::TestElectronic::test_denorm_0315__ PASSED [ 27%]
tests/nemo_text_processing/hi/test_electronic.py::TestElectronic::test_denorm_0316__ PASSED [ 27%]
tests/nemo_text_processing/hi/test_electronic.py::TestElectronic::test_denorm_0317__ PASSED [ 27%]
tests/nemo_text_processing/hi/test_electronic.py::TestElectronic::test_denorm_0318__ PASSED [ 27%]
tests/nemo_text_processing/hi/test_electronic.py::TestElectronic::test_denorm_0319__ PASSED [ 27%]
tests/nemo_text_processing/hi/test_electronic.py::TestElectronic::test_denorm_0320__ PASSED [ 27%]
tests/nemo_text_processing/hi/test_electronic.py::TestElectronic::test_denorm_0321__ PASSED [ 27%]
tests/nemo_text_processing/hi/test_electronic.py::TestElectronic::test_denorm_0322__ PASSED [ 27%]
tests/nemo_text_processing/hi/test_electronic.py::TestElectronic::test_denorm_0323__ PASSED [ 28%]
tests/nemo_text_processing/hi/test_electronic.py::TestElectronic::test_denorm_0324__ PASSED [ 28%]
tests/nemo_text_processing/hi/test_electronic.py::TestElectronic::test_denorm_0325__ PASSED [ 28%]
tests/nemo_text_processing/hi/test_electronic.py::TestElectronic::test_denorm_0326__ PASSED [ 28%]
tests/nemo_text_processing/hi/test_electronic.py::TestElectronic::test_denorm_0327__ PASSED [ 28%]
tests/nemo_text_processing/hi/test_electronic.py::TestElectronic::test_denorm_0328__ PASSED [ 28%]
tests/nemo_text_processing/hi/test_electronic.py::TestElectronic::test_denorm_0329__ PASSED [ 28%]
tests/nemo_text_processing/hi/test_electronic.py::TestElectronic::test_denorm_0330__ PASSED [ 28%]
tests/nemo_text_processing/hi/test_electronic.py::TestElectronic::test_denorm_0331__ PASSED [ 28%]
tests/nemo_text_processing/hi/test_electronic.py::TestElectronic::test_denorm_0332__ PASSED [ 28%]
tests/nemo_text_processing/hi/test_electronic.py::TestElectronic::test_denorm_0333__ PASSED [ 28%]
tests/nemo_text_processing/hi/test_electronic.py::TestElectronic::test_denorm_0334__ PASSED [ 29%]
tests/nemo_text_processing/hi/test_electronic.py::TestElectronic::test_denorm_0335__ PASSED [ 29%]
tests/nemo_text_processing/hi/test_electronic.py::TestElectronic::test_denorm_0336__ PASSED [ 29%]
tests/nemo_text_processing/hi/test_electronic.py::TestElectronic::test_denorm_0337__ PASSED [ 29%]
tests/nemo_text_processing/hi/test_electronic.py::TestElectronic::test_denorm_0338__ PASSED [ 29%]
tests/nemo_text_processing/hi/test_electronic.py::TestElectronic::test_denorm_0339__ PASSED [ 29%]
tests/nemo_text_processing/hi/test_electronic.py::TestElectronic::test_denorm_0340__ PASSED [ 29%]
tests/nemo_text_processing/hi/test_electronic.py::TestElectronic::test_denorm_0341__ PASSED [ 29%]
tests/nemo_text_processing/hi/test_electronic.py::TestElectronic::test_denorm_0342__ PASSED [ 29%]
tests/nemo_text_processing/hi/test_electronic.py::TestElectronic::test_denorm_0343__ PASSED [ 29%]
tests/nemo_text_processing/hi/test_electronic.py::TestElectronic::test_denorm_0344__ PASSED [ 29%]
tests/nemo_text_processing/hi/test_electronic.py::TestElectronic::test_denorm_0345__ PASSED [ 29%]
tests/nemo_text_processing/hi/test_electronic.py::TestElectronic::test_denorm_0346__ PASSED [ 30%]
tests/nemo_text_processing/hi/test_electronic.py::TestElectronic::test_denorm_0347__ PASSED [ 30%]
tests/nemo_text_processing/hi/test_electronic.py::TestElectronic::test_denorm_0348__ PASSED [ 30%]
tests/nemo_text_processing/hi/test_electronic.py::TestElectronic::test_denorm_0349__ PASSED [ 30%]
tests/nemo_text_processing/hi/test_electronic.py::TestElectronic::test_denorm_0350__ PASSED [ 30%]
tests/nemo_text_processing/hi/test_electronic.py::TestElectronic::test_denorm_0351__ PASSED [ 30%]
tests/nemo_text_processing/hi/test_electronic.py::TestElectronic::test_denorm_0352__ PASSED [ 30%]
tests/nemo_text_processing/hi/test_electronic.py::TestElectronic::test_denorm_0353__ PASSED [ 30%]
tests/nemo_text_processing/hi/test_electronic.py::TestElectronic::test_denorm_0354__ PASSED [ 30%]
tests/nemo_text_processing/hi/test_electronic.py::TestElectronic::test_denorm_0355__ PASSED [ 30%]
tests/nemo_text_processing/hi/test_electronic.py::TestElectronic::test_denorm_0356__ PASSED [ 30%]
tests/nemo_text_processing/hi/test_electronic.py::TestElectronic::test_denorm_0357__ PASSED [ 30%]
tests/nemo_text_processing/hi/test_electronic.py::TestElectronic::test_denorm_0358__ PASSED [ 31%]
tests/nemo_text_processing/hi/test_electronic.py::TestElectronic::test_denorm_0359__ PASSED [ 31%]
tests/nemo_text_processing/hi/test_electronic.py::TestElectronic::test_denorm_0360__ PASSED [ 31%]
tests/nemo_text_processing/hi/test_electronic.py::TestElectronic::test_denorm_0361__ PASSED [ 31%]
tests/nemo_text_processing/hi/test_electronic.py::TestElectronic::test_denorm_0362__ PASSED [ 31%]
tests/nemo_text_processing/hi/test_electronic.py::TestElectronic::test_denorm_0363__ PASSED [ 31%]
tests/nemo_text_processing/hi/test_electronic.py::TestElectronic::test_denorm_0364__ PASSED [ 31%]
tests/nemo_text_processing/hi/test_electronic.py::TestElectronic::test_denorm_0365__ PASSED [ 31%]
tests/nemo_text_processing/hi/test_electronic.py::TestElectronic::test_denorm_0366__ PASSED [ 31%]
tests/nemo_text_processing/hi/test_electronic.py::TestElectronic::test_denorm_0367__ PASSED [ 31%]
tests/nemo_text_processing/hi/test_electronic.py::TestElectronic::test_denorm_0368__ PASSED [ 31%]
tests/nemo_text_processing/hi/test_electronic.py::TestElectronic::test_denorm_0369__ PASSED [ 32%]
tests/nemo_text_processing/hi/test_electronic.py::TestElectronic::test_denorm_0370__ PASSED [ 32%]
tests/nemo_text_processing/hi/test_electronic.py::TestElectronic::test_denorm_0371__ PASSED [ 32%]
tests/nemo_text_processing/hi/test_electronic.py::TestElectronic::test_denorm_0372__ PASSED [ 32%]
tests/nemo_text_processing/hi/test_electronic.py::TestElectronic::test_denorm_0373__ PASSED [ 32%]
tests/nemo_text_processing/hi/test_electronic.py::TestElectronic::test_denorm_0374__ PASSED [ 32%]
tests/nemo_text_processing/hi/test_electronic.py::TestElectronic::test_denorm_0375__ PASSED [ 32%]
tests/nemo_text_processing/hi/test_electronic.py::TestElectronic::test_denorm_0376__ PASSED [ 32%]
tests/nemo_text_processing/hi/test_electronic.py::TestElectronic::test_denorm_0377__ PASSED [ 32%]
tests/nemo_text_processing/hi/test_electronic.py::TestElectronic::test_denorm_0378__ PASSED [ 32%]
tests/nemo_text_processing/hi/test_electronic.py::TestElectronic::test_denorm_0379__ PASSED [ 32%]
tests/nemo_text_processing/hi/test_electronic.py::TestElectronic::test_denorm_0380__ PASSED [ 32%]
tests/nemo_text_processing/hi/test_electronic.py::TestElectronic::test_denorm_0381__ PASSED [ 33%]
tests/nemo_text_processing/hi/test_electronic.py::TestElectronic::test_denorm_0382__ PASSED [ 33%]
tests/nemo_text_processing/hi/test_electronic.py::TestElectronic::test_denorm_0383__ PASSED [ 33%]
tests/nemo_text_processing/hi/test_electronic.py::TestElectronic::test_denorm_0384__ PASSED [ 33%]
tests/nemo_text_processing/hi/test_electronic.py::TestElectronic::test_denorm_0385__ PASSED [ 33%]
tests/nemo_text_processing/hi/test_electronic.py::TestElectronic::test_denorm_0386__ PASSED [ 33%]
tests/nemo_text_processing/hi/test_electronic.py::TestElectronic::test_denorm_0387__ PASSED [ 33%]
tests/nemo_text_processing/hi/test_electronic.py::TestElectronic::test_denorm_0388__ PASSED [ 33%]
tests/nemo_text_processing/hi/test_electronic.py::TestElectronic::test_denorm_0389__ PASSED [ 33%]
tests/nemo_text_processing/hi/test_electronic.py::TestElectronic::test_denorm_0390__ PASSED [ 33%]
tests/nemo_text_processing/hi/test_electronic.py::TestElectronic::test_denorm_0391__ PASSED [ 33%]
tests/nemo_text_processing/hi/test_electronic.py::TestElectronic::test_denorm_0392__ PASSED [ 34%]
tests/nemo_text_processing/hi/test_electronic.py::TestElectronic::test_denorm_0393__ PASSED [ 34%]
tests/nemo_text_processing/hi/test_electronic.py::TestElectronic::test_denorm_0394__ PASSED [ 34%]
tests/nemo_text_processing/hi/test_electronic.py::TestElectronic::test_denorm_0395__ PASSED [ 34%]
tests/nemo_text_processing/hi/test_electronic.py::TestElectronic::test_denorm_0396__ PASSED [ 34%]
tests/nemo_text_processing/hi/test_electronic.py::TestElectronic::test_denorm_0397__ PASSED [ 34%]
tests/nemo_text_processing/hi/test_electronic.py::TestElectronic::test_denorm_0398__ PASSED [ 34%]
tests/nemo_text_processing/hi/test_electronic.py::TestElectronic::test_denorm_0399__ PASSED [ 34%]
tests/nemo_text_processing/hi/test_electronic.py::TestElectronic::test_denorm_0400__ PASSED [ 34%]
tests/nemo_text_processing/hi/test_electronic.py::TestElectronic::test_denorm_0401__ PASSED [ 34%]
tests/nemo_text_processing/hi/test_electronic.py::TestElectronic::test_denorm_0402__ PASSED [ 34%]
tests/nemo_text_processing/hi/test_electronic.py::TestElectronic::test_denorm_0403__ PASSED [ 34%]
tests/nemo_text_processing/hi/test_electronic.py::TestElectronic::test_denorm_0404__ PASSED [ 35%]
tests/nemo_text_processing/hi/test_electronic.py::TestElectronic::test_denorm_0405__ PASSED [ 35%]
tests/nemo_text_processing/hi/test_electronic.py::TestElectronic::test_denorm_0406__ PASSED [ 35%]
tests/nemo_text_processing/hi/test_electronic.py::TestElectronic::test_denorm_0407__ PASSED [ 35%]
tests/nemo_text_processing/hi/test_electronic.py::TestElectronic::test_denorm_0408__ PASSED [ 35%]
tests/nemo_text_processing/hi/test_electronic.py::TestElectronic::test_denorm_0409__ PASSED [ 35%]
tests/nemo_text_processing/hi/test_electronic.py::TestElectronic::test_denorm_0410__ PASSED [ 35%]
tests/nemo_text_processing/hi/test_electronic.py::TestElectronic::test_denorm_0411__ PASSED [ 35%]
tests/nemo_text_processing/hi/test_electronic.py::TestElectronic::test_denorm_0412__ PASSED [ 35%]
tests/nemo_text_processing/hi/test_electronic.py::TestElectronic::test_denorm_0413__ PASSED [ 35%]
tests/nemo_text_processing/hi/test_electronic.py::TestElectronic::test_denorm_0414__ PASSED [ 35%]
tests/nemo_text_processing/hi/test_electronic.py::TestElectronic::test_denorm_0415__ PASSED [ 36%]
tests/nemo_text_processing/hi/test_electronic.py::TestElectronic::test_denorm_0416__ PASSED [ 36%]
tests/nemo_text_processing/hi/test_electronic.py::TestElectronic::test_denorm_0417__ PASSED [ 36%]
tests/nemo_text_processing/hi/test_electronic.py::TestElectronic::test_denorm_0418__ PASSED [ 36%]
tests/nemo_text_processing/hi/test_electronic.py::TestElectronic::test_denorm_0419__ PASSED [ 36%]
tests/nemo_text_processing/hi/test_electronic.py::TestElectronic::test_denorm_0420__ PASSED [ 36%]
tests/nemo_text_processing/hi/test_electronic.py::TestElectronic::test_denorm_0421__ PASSED [ 36%]
tests/nemo_text_processing/hi/test_electronic.py::TestElectronic::test_denorm_0422__ PASSED [ 36%]
tests/nemo_text_processing/hi/test_electronic.py::TestElectronic::test_denorm_0423__ PASSED [ 36%]
tests/nemo_text_processing/hi/test_electronic.py::TestElectronic::test_denorm_0424__ PASSED [ 36%]
tests/nemo_text_processing/hi/test_electronic.py::TestElectronic::test_denorm_0425__ PASSED [ 36%]
tests/nemo_text_processing/hi/test_electronic.py::TestElectronic::test_denorm_0426__ PASSED [ 36%]
tests/nemo_text_processing/hi/test_electronic.py::TestElectronic::test_denorm_0427__ PASSED [ 37%]
tests/nemo_text_processing/hi/test_electronic.py::TestElectronic::test_denorm_0428__ PASSED [ 37%]
tests/nemo_text_processing/hi/test_electronic.py::TestElectronic::test_denorm_0429__ PASSED [ 37%]
tests/nemo_text_processing/hi/test_electronic.py::TestElectronic::test_denorm_0430__ PASSED [ 37%]
tests/nemo_text_processing/hi/test_electronic.py::TestElectronic::test_denorm_0431__ PASSED [ 37%]
tests/nemo_text_processing/hi/test_electronic.py::TestElectronic::test_denorm_0432__ PASSED [ 37%]
tests/nemo_text_processing/hi/test_electronic.py::TestElectronic::test_denorm_0433__ PASSED [ 37%]
tests/nemo_text_processing/hi/test_electronic.py::TestElectronic::test_denorm_0434__ PASSED [ 37%]
tests/nemo_text_processing/hi/test_electronic.py::TestElectronic::test_denorm_0435__ PASSED [ 37%]
tests/nemo_text_processing/hi/test_electronic.py::TestElectronic::test_denorm_0436__ PASSED [ 37%]
tests/nemo_text_processing/hi/test_electronic.py::TestElectronic::test_denorm_0437__ PASSED [ 37%]
tests/nemo_text_processing/hi/test_electronic.py::TestElectronic::test_denorm_0438__ PASSED [ 38%]
tests/nemo_text_processing/hi/test_electronic.py::TestElectronic::test_denorm_0439__ PASSED [ 38%]
tests/nemo_text_processing/hi/test_electronic.py::TestElectronic::test_denorm_0440__ PASSED [ 38%]
tests/nemo_text_processing/hi/test_electronic.py::TestElectronic::test_denorm_0441__ PASSED [ 38%]
tests/nemo_text_processing/hi/test_electronic.py::TestElectronic::test_denorm_0442__ PASSED [ 38%]
tests/nemo_text_processing/hi/test_electronic.py::TestElectronic::test_denorm_0443__ PASSED [ 38%]
tests/nemo_text_processing/hi/test_electronic.py::TestElectronic::test_denorm_0444__ PASSED [ 38%]
tests/nemo_text_processing/hi/test_electronic.py::TestElectronic::test_denorm_0445__ PASSED [ 38%]
tests/nemo_text_processing/hi/test_electronic.py::TestElectronic::test_denorm_0446__ PASSED [ 38%]
tests/nemo_text_processing/hi/test_electronic.py::TestElectronic::test_denorm_0447__ PASSED [ 38%]
tests/nemo_text_processing/hi/test_electronic.py::TestElectronic::test_denorm_0448__ PASSED [ 38%]
tests/nemo_text_processing/hi/test_electronic.py::TestElectronic::test_denorm_0449__ PASSED [ 38%]
tests/nemo_text_processing/hi/test_electronic.py::TestElectronic::test_denorm_0450__ PASSED [ 39%]
tests/nemo_text_processing/hi/test_electronic.py::TestElectronic::test_denorm_0451__ PASSED [ 39%]
tests/nemo_text_processing/hi/test_electronic.py::TestElectronic::test_denorm_0452__ PASSED [ 39%]
tests/nemo_text_processing/hi/test_electronic.py::TestElectronic::test_denorm_0453__ PASSED [ 39%]
tests/nemo_text_processing/hi/test_electronic.py::TestElectronic::test_denorm_0454__ PASSED [ 39%]
tests/nemo_text_processing/hi/test_electronic.py::TestElectronic::test_denorm_0455__ PASSED [ 39%]
tests/nemo_text_processing/hi/test_electronic.py::TestElectronic::test_denorm_0456__ PASSED [ 39%]
tests/nemo_text_processing/hi/test_electronic.py::TestElectronic::test_denorm_0457__ PASSED [ 39%]
tests/nemo_text_processing/hi/test_electronic.py::TestElectronic::test_denorm_0458__ PASSED [ 39%]
tests/nemo_text_processing/hi/test_electronic.py::TestElectronic::test_denorm_0459__ PASSED [ 39%]
tests/nemo_text_processing/hi/test_electronic.py::TestElectronic::test_denorm_0460__ PASSED [ 39%]
tests/nemo_text_processing/hi/test_electronic.py::TestElectronic::test_denorm_0461__ PASSED [ 40%]
tests/nemo_text_processing/hi/test_electronic.py::TestElectronic::test_denorm_0462__ PASSED [ 40%]
tests/nemo_text_processing/hi/test_electronic.py::TestElectronic::test_denorm_0463__ PASSED [ 40%]
tests/nemo_text_processing/hi/test_electronic.py::TestElectronic::test_denorm_0464__ PASSED [ 40%]
tests/nemo_text_processing/hi/test_electronic.py::TestElectronic::test_denorm_0465__ PASSED [ 40%]
tests/nemo_text_processing/hi/test_electronic.py::TestElectronic::test_denorm_0466__ PASSED [ 40%]
tests/nemo_text_processing/hi/test_electronic.py::TestElectronic::test_denorm_0467__ PASSED [ 40%]
tests/nemo_text_processing/hi/test_electronic.py::TestElectronic::test_denorm_0468__ PASSED [ 40%]
tests/nemo_text_processing/hi/test_electronic.py::TestElectronic::test_denorm_0469__ PASSED [ 40%]
tests/nemo_text_processing/hi/test_electronic.py::TestElectronic::test_denorm_0470__ PASSED [ 40%]
tests/nemo_text_processing/hi/test_electronic.py::TestElectronic::test_denorm_0471__ PASSED [ 40%]
tests/nemo_text_processing/hi/test_electronic.py::TestElectronic::test_denorm_0472__ PASSED [ 40%]
tests/nemo_text_processing/hi/test_electronic.py::TestElectronic::test_denorm_0473__ PASSED [ 41%]
tests/nemo_text_processing/hi/test_electronic.py::TestElectronic::test_denorm_0474__ PASSED [ 41%]
tests/nemo_text_processing/hi/test_electronic.py::TestElectronic::test_denorm_0475__ PASSED [ 41%]
tests/nemo_text_processing/hi/test_electronic.py::TestElectronic::test_denorm_0476__ PASSED [ 41%]
tests/nemo_text_processing/hi/test_electronic.py::TestElectronic::test_denorm_0477__ PASSED [ 41%]
tests/nemo_text_processing/hi/test_electronic.py::TestElectronic::test_denorm_0478__ PASSED [ 41%]
tests/nemo_text_processing/hi/test_electronic.py::TestElectronic::test_denorm_0479__ PASSED [ 41%]
tests/nemo_text_processing/hi/test_electronic.py::TestElectronic::test_denorm_0480__ PASSED [ 41%]
tests/nemo_text_processing/hi/test_electronic.py::TestElectronic::test_denorm_0481__ PASSED [ 41%]
tests/nemo_text_processing/hi/test_electronic.py::TestElectronic::test_denorm_0482__ PASSED [ 41%]
tests/nemo_text_processing/hi/test_electronic.py::TestElectronic::test_denorm_0483__ PASSED [ 41%]
tests/nemo_text_processing/hi/test_electronic.py::TestElectronic::test_denorm_0484__ PASSED [ 41%]
tests/nemo_text_processing/hi/test_electronic.py::TestElectronic::test_denorm_0485__ PASSED [ 42%]
tests/nemo_text_processing/hi/test_electronic.py::TestElectronic::test_denorm_0486__ PASSED [ 42%]
tests/nemo_text_processing/hi/test_electronic.py::TestElectronic::test_denorm_0487__ PASSED [ 42%]
tests/nemo_text_processing/hi/test_electronic.py::TestElectronic::test_denorm_0488__ PASSED [ 42%]
tests/nemo_text_processing/hi/test_electronic.py::TestElectronic::test_denorm_0489__ PASSED [ 42%]
tests/nemo_text_processing/hi/test_electronic.py::TestElectronic::test_denorm_0490__ PASSED [ 42%]
tests/nemo_text_processing/hi/test_electronic.py::TestElectronic::test_denorm_0491__ PASSED [ 42%]
tests/nemo_text_processing/hi/test_electronic.py::TestElectronic::test_denorm_0492__ PASSED [ 42%]
tests/nemo_text_processing/hi/test_electronic.py::TestElectronic::test_denorm_0493__ PASSED [ 42%]
tests/nemo_text_processing/hi/test_electronic.py::TestElectronic::test_denorm_0494__ PASSED [ 42%]
tests/nemo_text_processing/hi/test_electronic.py::TestElectronic::test_denorm_0495__ PASSED [ 42%]
tests/nemo_text_processing/hi/test_electronic.py::TestElectronic::test_denorm_0496__ PASSED [ 43%]
tests/nemo_text_processing/hi/test_electronic.py::TestElectronic::test_denorm_0497__ PASSED [ 43%]
tests/nemo_text_processing/hi/test_electronic.py::TestElectronic::test_denorm_0498__ PASSED [ 43%]
tests/nemo_text_processing/hi/test_electronic.py::TestElectronic::test_denorm_0499__ PASSED [ 43%]
tests/nemo_text_processing/hi/test_electronic.py::TestElectronic::test_denorm_0500__ PASSED [ 43%]
tests/nemo_text_processing/hi/test_electronic.py::TestElectronic::test_denorm_0501__ PASSED [ 43%]
tests/nemo_text_processing/hi/test_electronic.py::TestElectronic::test_denorm_0502__ PASSED [ 43%]
tests/nemo_text_processing/hi/test_electronic.py::TestElectronic::test_denorm_0503__ PASSED [ 43%]
tests/nemo_text_processing/hi/test_electronic.py::TestElectronic::test_denorm_0504__ PASSED [ 43%]
tests/nemo_text_processing/hi/test_electronic.py::TestElectronic::test_denorm_0505__ PASSED [ 43%]
tests/nemo_text_processing/hi/test_electronic.py::TestElectronic::test_denorm_0506__ PASSED [ 43%]
tests/nemo_text_processing/hi/test_electronic.py::TestElectronic::test_denorm_0507__ PASSED [ 43%]
tests/nemo_text_processing/hi/test_electronic.py::TestElectronic::test_denorm_0508__ PASSED [ 44%]
tests/nemo_text_processing/hi/test_electronic.py::TestElectronic::test_denorm_0509__ PASSED [ 44%]
tests/nemo_text_processing/hi/test_electronic.py::TestElectronic::test_denorm_0510__ PASSED [ 44%]
tests/nemo_text_processing/hi/test_electronic.py::TestElectronic::test_denorm_0511__ PASSED [ 44%]
tests/nemo_text_processing/hi/test_electronic.py::TestElectronic::test_denorm_0512__ PASSED [ 44%]
tests/nemo_text_processing/hi/test_electronic.py::TestElectronic::test_denorm_0513__ PASSED [ 44%]
tests/nemo_text_processing/hi/test_electronic.py::TestElectronic::test_denorm_0514__ PASSED [ 44%]
tests/nemo_text_processing/hi/test_electronic.py::TestElectronic::test_denorm_0515__ PASSED [ 44%]
tests/nemo_text_processing/hi/test_electronic.py::TestElectronic::test_denorm_0516__ PASSED [ 44%]
tests/nemo_text_processing/hi/test_electronic.py::TestElectronic::test_denorm_0517__ PASSED [ 44%]
tests/nemo_text_processing/hi/test_electronic.py::TestElectronic::test_denorm_0518__ PASSED [ 44%]
tests/nemo_text_processing/hi/test_electronic.py::TestElectronic::test_denorm_0519__ PASSED [ 45%]
tests/nemo_text_processing/hi/test_electronic.py::TestElectronic::test_denorm_0520__ PASSED [ 45%]
tests/nemo_text_processing/hi/test_electronic.py::TestElectronic::test_denorm_0521__ PASSED [ 45%]
tests/nemo_text_processing/hi/test_electronic.py::TestElectronic::test_denorm_0522__ PASSED [ 45%]
tests/nemo_text_processing/hi/test_electronic.py::TestElectronic::test_denorm_0523__ PASSED [ 45%]
tests/nemo_text_processing/hi/test_electronic.py::TestElectronic::test_denorm_0524__ PASSED [ 45%]
tests/nemo_text_processing/hi/test_electronic.py::TestElectronic::test_denorm_0525__ PASSED [ 45%]
tests/nemo_text_processing/hi/test_electronic.py::TestElectronic::test_denorm_0526__ PASSED [ 45%]
tests/nemo_text_processing/hi/test_electronic.py::TestElectronic::test_denorm_0527__ PASSED [ 45%]
tests/nemo_text_processing/hi/test_electronic.py::TestElectronic::test_denorm_0528__ PASSED [ 45%]
tests/nemo_text_processing/hi/test_electronic.py::TestElectronic::test_denorm_0529__ PASSED [ 45%]
tests/nemo_text_processing/hi/test_electronic.py::TestElectronic::test_denorm_0530__ PASSED [ 45%]
tests/nemo_text_processing/hi/test_electronic.py::TestElectronic::test_denorm_0531__ PASSED [ 46%]
tests/nemo_text_processing/hi/test_electronic.py::TestElectronic::test_denorm_0532__ PASSED [ 46%]
tests/nemo_text_processing/hi/test_electronic.py::TestElectronic::test_denorm_0533__ PASSED [ 46%]
tests/nemo_text_processing/hi/test_electronic.py::TestElectronic::test_denorm_0534__ PASSED [ 46%]
tests/nemo_text_processing/hi/test_electronic.py::TestElectronic::test_denorm_0535__ PASSED [ 46%]
tests/nemo_text_processing/hi/test_electronic.py::TestElectronic::test_denorm_0536__ PASSED [ 46%]
tests/nemo_text_processing/hi/test_electronic.py::TestElectronic::test_denorm_0537__ PASSED [ 46%]
tests/nemo_text_processing/hi/test_electronic.py::TestElectronic::test_denorm_0538__ PASSED [ 46%]
tests/nemo_text_processing/hi/test_electronic.py::TestElectronic::test_denorm_0539__ PASSED [ 46%]
tests/nemo_text_processing/hi/test_electronic.py::TestElectronic::test_denorm_0540__ PASSED [ 46%]
tests/nemo_text_processing/hi/test_electronic.py::TestElectronic::test_denorm_0541__ PASSED [ 46%]
tests/nemo_text_processing/hi/test_electronic.py::TestElectronic::test_denorm_0542__ PASSED [ 47%]
tests/nemo_text_processing/hi/test_electronic.py::TestElectronic::test_denorm_0543__ PASSED [ 47%]
tests/nemo_text_processing/hi/test_electronic.py::TestElectronic::test_denorm_0544__ PASSED [ 47%]
tests/nemo_text_processing/hi/test_electronic.py::TestElectronic::test_denorm_0545__ PASSED [ 47%]
tests/nemo_text_processing/hi/test_electronic.py::TestElectronic::test_denorm_0546__ PASSED [ 47%]
tests/nemo_text_processing/hi/test_electronic.py::TestElectronic::test_denorm_0547__ PASSED [ 47%]
tests/nemo_text_processing/hi/test_electronic.py::TestElectronic::test_denorm_0548__ PASSED [ 47%]
tests/nemo_text_processing/hi/test_electronic.py::TestElectronic::test_denorm_0549__ PASSED [ 47%]
tests/nemo_text_processing/hi/test_electronic.py::TestElectronic::test_denorm_0550__ PASSED [ 47%]
tests/nemo_text_processing/hi/test_electronic.py::TestElectronic::test_denorm_0551__ PASSED [ 47%]
tests/nemo_text_processing/hi/test_electronic.py::TestElectronic::test_denorm_0552__ PASSED [ 47%]
tests/nemo_text_processing/hi/test_electronic.py::TestElectronic::test_denorm_0553__ PASSED [ 47%]
tests/nemo_text_processing/hi/test_electronic.py::TestElectronic::test_denorm_0554__ PASSED [ 48%]
tests/nemo_text_processing/hi/test_electronic.py::TestElectronic::test_denorm_0555__ PASSED [ 48%]
tests/nemo_text_processing/hi/test_electronic.py::TestElectronic::test_denorm_0556__ PASSED [ 48%]
tests/nemo_text_processing/hi/test_electronic.py::TestElectronic::test_denorm_0557__ PASSED [ 48%]
tests/nemo_text_processing/hi/test_electronic.py::TestElectronic::test_denorm_0558__ PASSED [ 48%]
tests/nemo_text_processing/hi/test_electronic.py::TestElectronic::test_denorm_0559__ PASSED [ 48%]
tests/nemo_text_processing/hi/test_electronic.py::TestElectronic::test_denorm_0560__ PASSED [ 48%]
tests/nemo_text_processing/hi/test_electronic.py::TestElectronic::test_denorm_0561__ PASSED [ 48%]
tests/nemo_text_processing/hi/test_electronic.py::TestElectronic::test_denorm_0562__ PASSED [ 48%]
tests/nemo_text_processing/hi/test_electronic.py::TestElectronic::test_denorm_0563__ PASSED [ 48%]
tests/nemo_text_processing/hi/test_electronic.py::TestElectronic::test_denorm_0564__ PASSED [ 48%]
tests/nemo_text_processing/hi/test_electronic.py::TestElectronic::test_denorm_0565__ PASSED [ 49%]
tests/nemo_text_processing/hi/test_electronic.py::TestElectronic::test_denorm_0566__ PASSED [ 49%]
tests/nemo_text_processing/hi/test_electronic.py::TestElectronic::test_denorm_0567__ PASSED [ 49%]
tests/nemo_text_processing/hi/test_electronic.py::TestElectronic::test_denorm_0568__ PASSED [ 49%]
tests/nemo_text_processing/hi/test_electronic.py::TestElectronic::test_denorm_0569__ PASSED [ 49%]
tests/nemo_text_processing/hi/test_electronic.py::TestElectronic::test_denorm_0570__ PASSED [ 49%]
tests/nemo_text_processing/hi/test_electronic.py::TestElectronic::test_denorm_0571__ PASSED [ 49%]
tests/nemo_text_processing/hi/test_electronic.py::TestElectronic::test_denorm_0572__ PASSED [ 49%]
tests/nemo_text_processing/hi/test_electronic.py::TestElectronic::test_denorm_0573__ PASSED [ 49%]
tests/nemo_text_processing/hi/test_electronic.py::TestElectronic::test_denorm_0574__ PASSED [ 49%]
tests/nemo_text_processing/hi/test_electronic.py::TestElectronic::test_denorm_0575__ PASSED [ 49%]
tests/nemo_text_processing/hi/test_electronic.py::TestElectronic::test_denorm_0576__ PASSED [ 49%]
tests/nemo_text_processing/hi/test_electronic.py::TestElectronic::test_denorm_0577__ PASSED [ 50%]
tests/nemo_text_processing/hi/test_electronic.py::TestElectronic::test_denorm_0578__ PASSED [ 50%]
tests/nemo_text_processing/hi/test_electronic.py::TestElectronic::test_denorm_0579__ PASSED [ 50%]
tests/nemo_text_processing/hi/test_electronic.py::TestElectronic::test_denorm_0580__ PASSED [ 50%]
tests/nemo_text_processing/hi/test_electronic.py::TestElectronic::test_denorm_0581__ PASSED [ 50%]
tests/nemo_text_processing/hi/test_electronic.py::TestElectronic::test_denorm_0582__ PASSED [ 50%]
tests/nemo_text_processing/hi/test_electronic.py::TestElectronic::test_denorm_0583__ PASSED [ 50%]
tests/nemo_text_processing/hi/test_electronic.py::TestElectronic::test_denorm_0584__ PASSED [ 50%]
tests/nemo_text_processing/hi/test_electronic.py::TestElectronic::test_denorm_0585__ PASSED [ 50%]
tests/nemo_text_processing/hi/test_electronic.py::TestElectronic::test_denorm_0586__ PASSED [ 50%]
tests/nemo_text_processing/hi/test_electronic.py::TestElectronic::test_denorm_0587__ PASSED [ 50%]
tests/nemo_text_processing/hi/test_electronic.py::TestElectronic::test_denorm_0588__ PASSED [ 50%]
tests/nemo_text_processing/hi/test_electronic.py::TestElectronic::test_denorm_0589__ PASSED [ 51%]
tests/nemo_text_processing/hi/test_electronic.py::TestElectronic::test_denorm_0590__ PASSED [ 51%]
tests/nemo_text_processing/hi/test_electronic.py::TestElectronic::test_denorm_0591__ PASSED [ 51%]
tests/nemo_text_processing/hi/test_electronic.py::TestElectronic::test_denorm_0592__ PASSED [ 51%]
tests/nemo_text_processing/hi/test_electronic.py::TestElectronic::test_denorm_0593__ PASSED [ 51%]
tests/nemo_text_processing/hi/test_electronic.py::TestElectronic::test_denorm_0594__ PASSED [ 51%]
tests/nemo_text_processing/hi/test_electronic.py::TestElectronic::test_denorm_0595__ PASSED [ 51%]
tests/nemo_text_processing/hi/test_electronic.py::TestElectronic::test_denorm_0596__ PASSED [ 51%]
tests/nemo_text_processing/hi/test_electronic.py::TestElectronic::test_denorm_0597__ PASSED [ 51%]
tests/nemo_text_processing/hi/test_electronic.py::TestElectronic::test_denorm_0598__ PASSED [ 51%]
tests/nemo_text_processing/hi/test_electronic.py::TestElectronic::test_denorm_0599__ PASSED [ 51%]
tests/nemo_text_processing/hi/test_electronic.py::TestElectronic::test_denorm_0600__ PASSED [ 52%]
tests/nemo_text_processing/hi/test_electronic.py::TestElectronic::test_denorm_0601__ PASSED [ 52%]
tests/nemo_text_processing/hi/test_electronic.py::TestElectronic::test_denorm_0602__ PASSED [ 52%]
tests/nemo_text_processing/hi/test_electronic.py::TestElectronic::test_denorm_0603__ PASSED [ 52%]
tests/nemo_text_processing/hi/test_electronic.py::TestElectronic::test_denorm_0604__ PASSED [ 52%]
tests/nemo_text_processing/hi/test_electronic.py::TestElectronic::test_denorm_0605__ PASSED [ 52%]
tests/nemo_text_processing/hi/test_electronic.py::TestElectronic::test_denorm_0606__ PASSED [ 52%]
tests/nemo_text_processing/hi/test_electronic.py::TestElectronic::test_denorm_0607__ PASSED [ 52%]
tests/nemo_text_processing/hi/test_electronic.py::TestElectronic::test_denorm_0608__ PASSED [ 52%]
tests/nemo_text_processing/hi/test_electronic.py::TestElectronic::test_denorm_0609__ PASSED [ 52%]
tests/nemo_text_processing/hi/test_electronic.py::TestElectronic::test_denorm_0610__ PASSED [ 52%]
tests/nemo_text_processing/hi/test_electronic.py::TestElectronic::test_denorm_0611__ PASSED [ 52%]
tests/nemo_text_processing/hi/test_electronic.py::TestElectronic::test_denorm_0612__ PASSED [ 53%]
tests/nemo_text_processing/hi/test_electronic.py::TestElectronic::test_denorm_0613__ PASSED [ 53%]
tests/nemo_text_processing/hi/test_electronic.py::TestElectronic::test_denorm_0614__ PASSED [ 53%]
tests/nemo_text_processing/hi/test_electronic.py::TestElectronic::test_denorm_0615__ PASSED [ 53%]
tests/nemo_text_processing/hi/test_electronic.py::TestElectronic::test_denorm_0616__ PASSED [ 53%]
tests/nemo_text_processing/hi/test_electronic.py::TestElectronic::test_denorm_0617__ PASSED [ 53%]
tests/nemo_text_processing/hi/test_electronic.py::TestElectronic::test_denorm_0618__ PASSED [ 53%]
tests/nemo_text_processing/hi/test_electronic.py::TestElectronic::test_denorm_0619__ PASSED [ 53%]
tests/nemo_text_processing/hi/test_electronic.py::TestElectronic::test_denorm_0620__ PASSED [ 53%]
tests/nemo_text_processing/hi/test_electronic.py::TestElectronic::test_denorm_0621__ PASSED [ 53%]
tests/nemo_text_processing/hi/test_electronic.py::TestElectronic::test_denorm_0622__ PASSED [ 53%]
tests/nemo_text_processing/hi/test_electronic.py::TestElectronic::test_denorm_0623__ PASSED [ 54%]
tests/nemo_text_processing/hi/test_electronic.py::TestElectronic::test_denorm_0624__ PASSED [ 54%]
tests/nemo_text_processing/hi/test_electronic.py::TestElectronic::test_denorm_0625__ PASSED [ 54%]
tests/nemo_text_processing/hi/test_electronic.py::TestElectronic::test_denorm_0626__ PASSED [ 54%]
tests/nemo_text_processing/hi/test_electronic.py::TestElectronic::test_denorm_0627__ PASSED [ 54%]
tests/nemo_text_processing/hi/test_electronic.py::TestElectronic::test_denorm_0628__ PASSED [ 54%]
tests/nemo_text_processing/hi/test_electronic.py::TestElectronic::test_denorm_0629__ PASSED [ 54%]
tests/nemo_text_processing/hi/test_electronic.py::TestElectronic::test_denorm_0630__ PASSED [ 54%]
tests/nemo_text_processing/hi/test_electronic.py::TestElectronic::test_denorm_0631__ PASSED [ 54%]
tests/nemo_text_processing/hi/test_electronic.py::TestElectronic::test_denorm_0632__ PASSED [ 54%]
tests/nemo_text_processing/hi/test_electronic.py::TestElectronic::test_denorm_0633__ PASSED [ 54%]
tests/nemo_text_processing/hi/test_electronic.py::TestElectronic::test_denorm_0634__ PASSED [ 54%]
tests/nemo_text_processing/hi/test_electronic.py::TestElectronic::test_denorm_0635__ PASSED [ 55%]
tests/nemo_text_processing/hi/test_electronic.py::TestElectronic::test_denorm_0636__ PASSED [ 55%]
tests/nemo_text_processing/hi/test_electronic.py::TestElectronic::test_denorm_0637__ PASSED [ 55%]
tests/nemo_text_processing/hi/test_electronic.py::TestElectronic::test_denorm_0638__ PASSED [ 55%]
tests/nemo_text_processing/hi/test_electronic.py::TestElectronic::test_denorm_0639__ PASSED [ 55%]
tests/nemo_text_processing/hi/test_electronic.py::TestElectronic::test_denorm_0640__ PASSED [ 55%]
tests/nemo_text_processing/hi/test_electronic.py::TestElectronic::test_denorm_0641__ PASSED [ 55%]
tests/nemo_text_processing/hi/test_electronic.py::TestElectronic::test_denorm_0642__ PASSED [ 55%]
tests/nemo_text_processing/hi/test_electronic.py::TestElectronic::test_denorm_0643__ PASSED [ 55%]
tests/nemo_text_processing/hi/test_electronic.py::TestElectronic::test_denorm_0644__ PASSED [ 55%]
tests/nemo_text_processing/hi/test_electronic.py::TestElectronic::test_denorm_0645__ PASSED [ 55%]
tests/nemo_text_processing/hi/test_electronic.py::TestElectronic::test_denorm_0646__ PASSED [ 56%]
tests/nemo_text_processing/hi/test_electronic.py::TestElectronic::test_denorm_0647__ PASSED [ 56%]
tests/nemo_text_processing/hi/test_electronic.py::TestElectronic::test_denorm_0648__ PASSED [ 56%]
tests/nemo_text_processing/hi/test_electronic.py::TestElectronic::test_denorm_0649__ PASSED [ 56%]
tests/nemo_text_processing/hi/test_electronic.py::TestElectronic::test_denorm_0650__ PASSED [ 56%]
tests/nemo_text_processing/hi/test_electronic.py::TestElectronic::test_denorm_0651__ PASSED [ 56%]
tests/nemo_text_processing/hi/test_electronic.py::TestElectronic::test_denorm_0652__ PASSED [ 56%]
tests/nemo_text_processing/hi/test_electronic.py::TestElectronic::test_denorm_0653__ PASSED [ 56%]
tests/nemo_text_processing/hi/test_electronic.py::TestElectronic::test_denorm_0654__ PASSED [ 56%]
tests/nemo_text_processing/hi/test_electronic.py::TestElectronic::test_denorm_0655__ PASSED [ 56%]
tests/nemo_text_processing/hi/test_electronic.py::TestElectronic::test_denorm_0656__ PASSED [ 56%]
tests/nemo_text_processing/hi/test_electronic.py::TestElectronic::test_denorm_0657__ PASSED [ 56%]
tests/nemo_text_processing/hi/test_electronic.py::TestElectronic::test_denorm_0658__ PASSED [ 57%]
tests/nemo_text_processing/hi/test_electronic.py::TestElectronic::test_denorm_0659__ PASSED [ 57%]
tests/nemo_text_processing/hi/test_electronic.py::TestElectronic::test_denorm_0660__ PASSED [ 57%]
tests/nemo_text_processing/hi/test_electronic.py::TestElectronic::test_denorm_0661__ PASSED [ 57%]
tests/nemo_text_processing/hi/test_electronic.py::TestElectronic::test_denorm_0662__ PASSED [ 57%]
tests/nemo_text_processing/hi/test_electronic.py::TestElectronic::test_denorm_0663__ PASSED [ 57%]
tests/nemo_text_processing/hi/test_electronic.py::TestElectronic::test_denorm_0664__ PASSED [ 57%]
tests/nemo_text_processing/hi/test_electronic.py::TestElectronic::test_denorm_0665__ PASSED [ 57%]
tests/nemo_text_processing/hi/test_electronic.py::TestElectronic::test_denorm_0666__ PASSED [ 57%]
tests/nemo_text_processing/hi/test_electronic.py::TestElectronic::test_denorm_0667__ PASSED [ 57%]
tests/nemo_text_processing/hi/test_electronic.py::TestElectronic::test_denorm_0668__ PASSED [ 57%]
tests/nemo_text_processing/hi/test_electronic.py::TestElectronic::test_denorm_0669__ PASSED [ 58%]
tests/nemo_text_processing/hi/test_electronic.py::TestElectronic::test_denorm_0670__ PASSED [ 58%]
tests/nemo_text_processing/hi/test_electronic.py::TestElectronic::test_denorm_0671__ PASSED [ 58%]
tests/nemo_text_processing/hi/test_electronic.py::TestElectronic::test_denorm_0672__ PASSED [ 58%]
tests/nemo_text_processing/hi/test_electronic.py::TestElectronic::test_denorm_0673__ PASSED [ 58%]
tests/nemo_text_processing/hi/test_electronic.py::TestElectronic::test_denorm_0674__ PASSED [ 58%]
tests/nemo_text_processing/hi/test_electronic.py::TestElectronic::test_denorm_0675__ PASSED [ 58%]
tests/nemo_text_processing/hi/test_electronic.py::TestElectronic::test_denorm_0676__ PASSED [ 58%]
tests/nemo_text_processing/hi/test_electronic.py::TestElectronic::test_denorm_0677__ PASSED [ 58%]
tests/nemo_text_processing/hi/test_electronic.py::TestElectronic::test_denorm_0678__ PASSED [ 58%]
tests/nemo_text_processing/hi/test_electronic.py::TestElectronic::test_denorm_0679__ PASSED [ 58%]
tests/nemo_text_processing/hi/test_electronic.py::TestElectronic::test_denorm_0680__ PASSED [ 58%]
tests/nemo_text_processing/hi/test_electronic.py::TestElectronic::test_denorm_0681__ PASSED [ 59%]
tests/nemo_text_processing/hi/test_electronic.py::TestElectronic::test_denorm_0682__ PASSED [ 59%]
tests/nemo_text_processing/hi/test_electronic.py::TestElectronic::test_denorm_0683__ PASSED [ 59%]
tests/nemo_text_processing/hi/test_electronic.py::TestElectronic::test_denorm_0684__ PASSED [ 59%]
tests/nemo_text_processing/hi/test_electronic.py::TestElectronic::test_denorm_0685__ PASSED [ 59%]
tests/nemo_text_processing/hi/test_electronic.py::TestElectronic::test_denorm_0686__ PASSED [ 59%]
tests/nemo_text_processing/hi/test_electronic.py::TestElectronic::test_denorm_0687__ FAILED [ 59%]
tests/nemo_text_processing/hi/test_electronic.py::TestElectronic::test_denorm_0688__ PASSED [ 59%]
tests/nemo_text_processing/hi/test_electronic.py::TestElectronic::test_denorm_0689__ PASSED [ 59%]
tests/nemo_text_processing/hi/test_electronic.py::TestElectronic::test_denorm_0690__ PASSED [ 59%]
tests/nemo_text_processing/hi/test_electronic.py::TestElectronic::test_denorm_0691__ PASSED [ 59%]
tests/nemo_text_processing/hi/test_electronic.py::TestElectronic::test_denorm_0692__ PASSED [ 60%]
tests/nemo_text_processing/hi/test_electronic.py::TestElectronic::test_denorm_0693__ PASSED [ 60%]
tests/nemo_text_processing/hi/test_electronic.py::TestElectronic::test_denorm_0694__ PASSED [ 60%]
tests/nemo_text_processing/hi/test_electronic.py::TestElectronic::test_denorm_0695__ PASSED [ 60%]
tests/nemo_text_processing/hi/test_electronic.py::TestElectronic::test_denorm_0696__ PASSED [ 60%]
tests/nemo_text_processing/hi/test_electronic.py::TestElectronic::test_denorm_0697__ PASSED [ 60%]
tests/nemo_text_processing/hi/test_electronic.py::TestElectronic::test_denorm_0698__ PASSED [ 60%]
tests/nemo_text_processing/hi/test_electronic.py::TestElectronic::test_denorm_0699_ FAILED [ 60%]
tests/nemo_text_processing/hi/test_electronic.py::TestElectronic::test_denorm_0700__ PASSED [ 60%]
tests/nemo_text_processing/hi/test_electronic.py::TestElectronic::test_denorm_0701__ PASSED [ 60%]
tests/nemo_text_processing/hi/test_electronic.py::TestElectronic::test_denorm_0702__ PASSED [ 60%]
tests/nemo_text_processing/hi/test_electronic.py::TestElectronic::test_denorm_0703__ PASSED [ 60%]
tests/nemo_text_processing/hi/test_electronic.py::TestElectronic::test_denorm_0704__ PASSED [ 61%]
tests/nemo_text_processing/hi/test_electronic.py::TestElectronic::test_denorm_0705__ PASSED [ 61%]
tests/nemo_text_processing/hi/test_electronic.py::TestElectronic::test_denorm_0706__ PASSED [ 61%]
tests/nemo_text_processing/hi/test_electronic.py::TestElectronic::test_denorm_0707__ PASSED [ 61%]
tests/nemo_text_processing/hi/test_electronic.py::TestElectronic::test_denorm_0708__ PASSED [ 61%]
tests/nemo_text_processing/hi/test_electronic.py::TestElectronic::test_denorm_0709__ PASSED [ 61%]
tests/nemo_text_processing/hi/test_electronic.py::TestElectronic::test_denorm_0710__ PASSED [ 61%]
tests/nemo_text_processing/hi/test_electronic.py::TestElectronic::test_denorm_0711__ PASSED [ 61%]
tests/nemo_text_processing/hi/test_electronic.py::TestElectronic::test_denorm_0712__ PASSED [ 61%]
tests/nemo_text_processing/hi/test_electronic.py::TestElectronic::test_denorm_0713__ PASSED [ 61%]
tests/nemo_text_processing/hi/test_electronic.py::TestElectronic::test_denorm_0714__ PASSED [ 61%]
tests/nemo_text_processing/hi/test_electronic.py::TestElectronic::test_denorm_0715__ PASSED [ 61%]
tests/nemo_text_processing/hi/test_electronic.py::TestElectronic::test_denorm_0716__ PASSED [ 62%]
tests/nemo_text_processing/hi/test_electronic.py::TestElectronic::test_denorm_0717__ PASSED [ 62%]
tests/nemo_text_processing/hi/test_electronic.py::TestElectronic::test_denorm_0718__ PASSED [ 62%]
tests/nemo_text_processing/hi/test_electronic.py::TestElectronic::test_denorm_0719__ PASSED [ 62%]
tests/nemo_text_processing/hi/test_electronic.py::TestElectronic::test_denorm_0720__ PASSED [ 62%]
tests/nemo_text_processing/hi/test_electronic.py::TestElectronic::test_denorm_0721__ PASSED [ 62%]
tests/nemo_text_processing/hi/test_electronic.py::TestElectronic::test_denorm_0722__ PASSED [ 62%]
tests/nemo_text_processing/hi/test_electronic.py::TestElectronic::test_denorm_0723__ PASSED [ 62%]
tests/nemo_text_processing/hi/test_electronic.py::TestElectronic::test_denorm_0724__ PASSED [ 62%]
tests/nemo_text_processing/hi/test_electronic.py::TestElectronic::test_denorm_0725__ PASSED [ 62%]
tests/nemo_text_processing/hi/test_electronic.py::TestElectronic::test_denorm_0726__ PASSED [ 62%]
tests/nemo_text_processing/hi/test_electronic.py::TestElectronic::test_denorm_0727__ PASSED [ 63%]
tests/nemo_text_processing/hi/test_electronic.py::TestElectronic::test_denorm_0728__ PASSED [ 63%]
tests/nemo_text_processing/hi/test_electronic.py::TestElectronic::test_denorm_0729__ PASSED [ 63%]
tests/nemo_text_processing/hi/test_electronic.py::TestElectronic::test_denorm_0730__ PASSED [ 63%]
tests/nemo_text_processing/hi/test_electronic.py::TestElectronic::test_denorm_0731__ PASSED [ 63%]
tests/nemo_text_processing/hi/test_electronic.py::TestElectronic::test_denorm_0732__ PASSED [ 63%]
tests/nemo_text_processing/hi/test_electronic.py::TestElectronic::test_denorm_0733__ PASSED [ 63%]
tests/nemo_text_processing/hi/test_electronic.py::TestElectronic::test_denorm_0734__ PASSED [ 63%]
tests/nemo_text_processing/hi/test_electronic.py::TestElectronic::test_denorm_0735__ PASSED [ 63%]
tests/nemo_text_processing/hi/test_electronic.py::TestElectronic::test_denorm_0736__ PASSED [ 63%]
tests/nemo_text_processing/hi/test_electronic.py::TestElectronic::test_denorm_0737__ PASSED [ 63%]
tests/nemo_text_processing/hi/test_electronic.py::TestElectronic::test_denorm_0738__ PASSED [ 63%]
tests/nemo_text_processing/hi/test_electronic.py::TestElectronic::test_denorm_0739__ PASSED [ 64%]
tests/nemo_text_processing/hi/test_electronic.py::TestElectronic::test_denorm_0740__ PASSED [ 64%]
tests/nemo_text_processing/hi/test_electronic.py::TestElectronic::test_denorm_0741__ PASSED [ 64%]
tests/nemo_text_processing/hi/test_electronic.py::TestElectronic::test_denorm_0742__ PASSED [ 64%]
tests/nemo_text_processing/hi/test_electronic.py::TestElectronic::test_denorm_0743__ PASSED [ 64%]
tests/nemo_text_processing/hi/test_electronic.py::TestElectronic::test_denorm_0744__ PASSED [ 64%]
tests/nemo_text_processing/hi/test_electronic.py::TestElectronic::test_denorm_0745__ PASSED [ 64%]
tests/nemo_text_processing/hi/test_electronic.py::TestElectronic::test_denorm_0746__ PASSED [ 64%]
tests/nemo_text_processing/hi/test_electronic.py::TestElectronic::test_denorm_0747__ PASSED [ 64%]
tests/nemo_text_processing/hi/test_electronic.py::TestElectronic::test_denorm_0748__ PASSED [ 64%]
tests/nemo_text_processing/hi/test_electronic.py::TestElectronic::test_denorm_0749__ PASSED [ 64%]
tests/nemo_text_processing/hi/test_electronic.py::TestElectronic::test_denorm_0750__ PASSED [ 65%]
tests/nemo_text_processing/hi/test_electronic.py::TestElectronic::test_denorm_0751__ PASSED [ 65%]
tests/nemo_text_processing/hi/test_electronic.py::TestElectronic::test_denorm_0752__ PASSED [ 65%]
tests/nemo_text_processing/hi/test_electronic.py::TestElectronic::test_denorm_0753__ PASSED [ 65%]
tests/nemo_text_processing/hi/test_electronic.py::TestElectronic::test_denorm_0754__ PASSED [ 65%]
tests/nemo_text_processing/hi/test_electronic.py::TestElectronic::test_denorm_0755__ PASSED [ 65%]
tests/nemo_text_processing/hi/test_electronic.py::TestElectronic::test_denorm_0756__ PASSED [ 65%]
tests/nemo_text_processing/hi/test_electronic.py::TestElectronic::test_denorm_0757__ PASSED [ 65%]
tests/nemo_text_processing/hi/test_electronic.py::TestElectronic::test_denorm_0758__ PASSED [ 65%]
tests/nemo_text_processing/hi/test_electronic.py::TestElectronic::test_denorm_0759__ PASSED [ 65%]
tests/nemo_text_processing/hi/test_electronic.py::TestElectronic::test_denorm_0760__ PASSED [ 65%]
tests/nemo_text_processing/hi/test_electronic.py::TestElectronic::test_denorm_0761__ PASSED [ 65%]
tests/nemo_text_processing/hi/test_electronic.py::TestElectronic::test_denorm_0762__ PASSED [ 66%]
tests/nemo_text_processing/hi/test_electronic.py::TestElectronic::test_denorm_0763__ PASSED [ 66%]
tests/nemo_text_processing/hi/test_electronic.py::TestElectronic::test_denorm_0764__ PASSED [ 66%]
tests/nemo_text_processing/hi/test_electronic.py::TestElectronic::test_denorm_0765__ PASSED [ 66%]
tests/nemo_text_processing/hi/test_electronic.py::TestElectronic::test_denorm_0766__ PASSED [ 66%]
tests/nemo_text_processing/hi/test_electronic.py::TestElectronic::test_denorm_0767__ PASSED [ 66%]
tests/nemo_text_processing/hi/test_electronic.py::TestElectronic::test_denorm_0768__ PASSED [ 66%]
tests/nemo_text_processing/hi/test_electronic.py::TestElectronic::test_denorm_0769__ PASSED [ 66%]
tests/nemo_text_processing/hi/test_electronic.py::TestElectronic::test_denorm_0770__ PASSED [ 66%]
tests/nemo_text_processing/hi/test_electronic.py::TestElectronic::test_denorm_0771__ PASSED [ 66%]
tests/nemo_text_processing/hi/test_electronic.py::TestElectronic::test_denorm_0772__ PASSED [ 66%]
tests/nemo_text_processing/hi/test_electronic.py::TestElectronic::test_denorm_0773__ PASSED [ 67%]
tests/nemo_text_processing/hi/test_electronic.py::TestElectronic::test_denorm_0774__ PASSED [ 67%]
tests/nemo_text_processing/hi/test_electronic.py::TestElectronic::test_denorm_0775__ PASSED [ 67%]
tests/nemo_text_processing/hi/test_electronic.py::TestElectronic::test_denorm_0776__ PASSED [ 67%]
tests/nemo_text_processing/hi/test_electronic.py::TestElectronic::test_denorm_0777__ PASSED [ 67%]
tests/nemo_text_processing/hi/test_electronic.py::TestElectronic::test_denorm_0778__ PASSED [ 67%]
tests/nemo_text_processing/hi/test_electronic.py::TestElectronic::test_denorm_0779__ PASSED [ 67%]
tests/nemo_text_processing/hi/test_electronic.py::TestElectronic::test_denorm_0780__ PASSED [ 67%]
tests/nemo_text_processing/hi/test_electronic.py::TestElectronic::test_denorm_0781__ PASSED [ 67%]
tests/nemo_text_processing/hi/test_electronic.py::TestElectronic::test_denorm_0782__ PASSED [ 67%]
tests/nemo_text_processing/hi/test_electronic.py::TestElectronic::test_denorm_0783__ PASSED [ 67%]
tests/nemo_text_processing/hi/test_electronic.py::TestElectronic::test_denorm_0784__ PASSED [ 67%]
tests/nemo_text_processing/hi/test_electronic.py::TestElectronic::test_denorm_0785__ PASSED [ 68%]
tests/nemo_text_processing/hi/test_electronic.py::TestElectronic::test_denorm_0786__ PASSED [ 68%]
tests/nemo_text_processing/hi/test_electronic.py::TestElectronic::test_denorm_0787__ PASSED [ 68%]
tests/nemo_text_processing/hi/test_electronic.py::TestElectronic::test_denorm_0788__ PASSED [ 68%]
tests/nemo_text_processing/hi/test_electronic.py::TestElectronic::test_denorm_0789__ PASSED [ 68%]
tests/nemo_text_processing/hi/test_electronic.py::TestElectronic::test_denorm_0790__ PASSED [ 68%]
tests/nemo_text_processing/hi/test_electronic.py::TestElectronic::test_denorm_0791__ PASSED [ 68%]
tests/nemo_text_processing/hi/test_electronic.py::TestElectronic::test_denorm_0792__ PASSED [ 68%]
tests/nemo_text_processing/hi/test_electronic.py::TestElectronic::test_denorm_0793__ PASSED [ 68%]
tests/nemo_text_processing/hi/test_electronic.py::TestElectronic::test_denorm_0794__ PASSED [ 68%]
tests/nemo_text_processing/hi/test_electronic.py::TestElectronic::test_denorm_0795__ PASSED [ 68%]
tests/nemo_text_processing/hi/test_electronic.py::TestElectronic::test_denorm_0796__ PASSED [ 69%]
tests/nemo_text_processing/hi/test_electronic.py::TestElectronic::test_denorm_0797__ PASSED [ 69%]
tests/nemo_text_processing/hi/test_electronic.py::TestElectronic::test_denorm_0798__ PASSED [ 69%]
tests/nemo_text_processing/hi/test_electronic.py::TestElectronic::test_denorm_0799__ PASSED [ 69%]
tests/nemo_text_processing/hi/test_electronic.py::TestElectronic::test_denorm_0800__ PASSED [ 69%]
tests/nemo_text_processing/hi/test_electronic.py::TestElectronic::test_denorm_0801__ PASSED [ 69%]
tests/nemo_text_processing/hi/test_electronic.py::TestElectronic::test_denorm_0802__ PASSED [ 69%]
[...]
0.00s teardown tests/nemo_text_processing/hi/test_electronic.py::TestElectronic::test_denorm_0700__
0.00s teardown tests/nemo_text_processing/hi/test_electronic.py::TestElectronic::test_denorm_0875__
0.00s teardown tests/nemo_text_processing/hi/test_electronic.py::TestElectronic::test_denorm_0019__
0.00s teardown tests/nemo_text_processing/hi/test_electronic.py::TestElectronic::test_denorm_0967__
0.00s teardown tests/nemo_text_processing/hi/test_electronic.py::TestElectronic::test_denorm_0491__
0.00s teardown tests/nemo_text_processing/hi/test_electronic.py::TestElectronic::test_denorm_0320__
0.00s teardown tests/nemo_text_processing/hi/test_electronic.py::TestElectronic::test_denorm_0412__
0.00s teardown tests/nemo_text_processing/hi/test_electronic.py::TestElectronic::test_denorm_0079__
0.00s teardown tests/nemo_text_processing/hi/test_electronic.py::TestElectronic::test_denorm_0268__
0.00s teardown tests/nemo_text_processing/hi/test_electronic.py::TestElectronic::test_denorm_0391__
0.00s teardown tests/nemo_text_processing/hi/test_electronic.py::TestElectronic::test_denorm_0924__
0.00s teardown tests/nemo_text_processing/hi/test_electronic.py::TestElectronic::test_denorm_0981__
0.00s teardown tests/nemo_text_processing/hi/test_electronic.py::TestElectronic::test_denorm_1067__
0.00s teardown tests/nemo_text_processing/hi/test_electronic.py::TestElectronic::test_denorm_0322__
0.00s teardown tests/nemo_text_processing/hi/test_electronic.py::TestElectronic::test_denorm_0826__
0.00s teardown tests/nemo_text_processing/hi/test_electronic.py::TestElectronic::test_denorm_1011__
0.00s teardown tests/nemo_text_processing/hi/test_electronic.py::TestElectronic::test_denorm_0497__
0.00s teardown tests/nemo_text_processing/hi/test_electronic.py::TestElectronic::test_denorm_0589__
0.00s teardown tests/nemo_text_processing/hi/test_electronic.py::TestElectronic::test_denorm_0413__
0.00s teardown tests/nemo_text_processing/hi/test_electronic.py::TestElectronic::test_denorm_0722__
0.00s teardown tests/nemo_text_processing/hi/test_electronic.py::TestElectronic::test_denorm_0730__
0.00s teardown tests/nemo_text_processing/hi/test_electronic.py::TestElectronic::test_denorm_0991__
0.00s teardown tests/nemo_text_processing/hi/test_electronic.py::TestElectronic::test_denorm_1007__
0.00s teardown tests/nemo_text_processing/hi/test_electronic.py::TestElectronic::test_denorm_1107__
0.00s teardown tests/nemo_text_processing/hi/test_electronic.py::TestElectronic::test_denorm_0186__
0.00s teardown tests/nemo_text_processing/hi/test_electronic.py::TestElectronic::test_denorm_0414__
0.00s teardown tests/nemo_text_processing/hi/test_electronic.py::TestElectronic::test_denorm_0401__
0.00s teardown tests/nemo_text_processing/hi/test_electronic.py::TestElectronic::test_denorm_0660__
0.00s teardown tests/nemo_text_processing/hi/test_electronic.py::TestElectronic::test_denorm_1000__
0.00s teardown tests/nemo_text_processing/hi/test_electronic.py::TestElectronic::test_denorm_0109__
0.00s teardown tests/nemo_text_processing/hi/test_electronic.py::TestElectronic::test_denorm_0241__
0.00s teardown tests/nemo_text_processing/hi/test_electronic.py::TestElectronic::test_denorm_0763__
0.00s teardown tests/nemo_text_processing/hi/test_electronic.py::TestElectronic::test_denorm_0819__
0.00s teardown tests/nemo_text_processing/hi/test_electronic.py::TestElectronic::test_denorm_1078__
0.00s teardown tests/nemo_text_processing/hi/test_electronic.py::TestElectronic::test_denorm_0324__
0.00s teardown tests/nemo_text_processing/hi/test_electronic.py::TestElectronic::test_denorm_0028__
0.00s teardown tests/nemo_text_processing/hi/test_electronic.py::TestElectronic::test_denorm_0046__
0.00s teardown tests/nemo_text_processing/hi/test_electronic.py::TestElectronic::test_denorm_0523__
0.00s teardown tests/nemo_text_processing/hi/test_electronic.py::TestElectronic::test_denorm_1034__
0.00s teardown tests/nemo_text_processing/hi/test_electronic.py::TestElectronic::test_denorm_0449__
0.00s teardown tests/nemo_text_processing/hi/test_electronic.py::TestElectronic::test_denorm_1060__
0.00s teardown tests/nemo_text_processing/hi/test_electronic.py::TestElectronic::test_denorm_0031__
0.00s teardown tests/nemo_text_processing/hi/test_electronic.py::TestElectronic::test_denorm_0184__
0.00s teardown tests/nemo_text_processing/hi/test_electronic.py::TestElectronic::test_denorm_0355__
0.00s teardown tests/nemo_text_processing/hi/test_electronic.py::TestElectronic::test_denorm_0477__
0.00s teardown tests/nemo_text_processing/hi/test_electronic.py::TestElectronic::test_denorm_1044__
0.00s teardown tests/nemo_text_processing/hi/test_electronic.py::TestElectronic::test_denorm_0123__
0.00s teardown tests/nemo_text_processing/hi/test_electronic.py::TestElectronic::test_denorm_0637__
0.00s teardown tests/nemo_text_processing/hi/test_electronic.py::TestElectronic::test_denorm_0777__
0.00s teardown tests/nemo_text_processing/hi/test_electronic.py::TestElectronic::test_denorm_0331__
0.00s teardown tests/nemo_text_processing/hi/test_electronic.py::TestElectronic::test_denorm_0271__
0.00s teardown tests/nemo_text_processing/hi/test_electronic.py::TestElectronic::test_denorm_0292__
0.00s teardown tests/nemo_text_processing/hi/test_electronic.py::TestElectronic::test_denorm_0669__
0.00s teardown tests/nemo_text_processing/hi/test_electronic.py::TestElectronic::test_denorm_1020__
0.00s teardown tests/nemo_text_processing/hi/test_electronic.py::TestElectronic::test_denorm_0213__
0.00s teardown tests/nemo_text_processing/hi/test_electronic.py::TestElectronic::test_denorm_0026__
0.00s teardown tests/nemo_text_processing/hi/test_electronic.py::TestElectronic::test_denorm_1026__
0.00s teardown tests/nemo_text_processing/hi/test_electronic.py::TestElectronic::test_denorm_0236__
0.00s teardown tests/nemo_text_processing/hi/test_electronic.py::TestElectronic::test_denorm_0593__
0.00s teardown tests/nemo_text_processing/hi/test_electronic.py::TestElectronic::test_denorm_0685__
0.00s teardown tests/nemo_text_processing/hi/test_electronic.py::TestElectronic::test_denorm_0040__
0.00s teardown tests/nemo_text_processing/hi/test_electronic.py::TestElectronic::test_denorm_0267__
0.00s teardown tests/nemo_text_processing/hi/test_electronic.py::TestElectronic::test_denorm_0270__
0.00s teardown tests/nemo_text_processing/hi/test_electronic.py::TestElectronic::test_denorm_0992__
0.00s teardown tests/nemo_text_processing/hi/test_electronic.py::TestElectronic::test_denorm_1062__
0.00s teardown tests/nemo_text_processing/hi/test_electronic.py::TestElectronic::test_denorm_0239__
0.00s teardown tests/nemo_text_processing/hi/test_electronic.py::TestElectronic::test_denorm_0389__
0.00s teardown tests/nemo_text_processing/hi/test_electronic.py::TestElectronic::test_denorm_0699_
0.00s teardown tests/nemo_text_processing/hi/test_electronic.py::TestElectronic::test_denorm_0030__
0.00s teardown tests/nemo_text_processing/hi/test_electronic.py::TestElectronic::test_denorm_0042__
0.00s teardown tests/nemo_text_processing/hi/test_electronic.py::TestElectronic::test_denorm_1135__
0.00s teardown tests/nemo_text_processing/hi/test_electronic.py::TestElectronic::test_denorm_0725__
0.00s teardown tests/nemo_text_processing/hi/test_electronic.py::TestElectronic::test_denorm_0975__
0.00s teardown tests/nemo_text_processing/hi/test_electronic.py::TestElectronic::test_denorm_0629__
0.00s teardown tests/nemo_text_processing/hi/test_electronic.py::TestElectronic::test_denorm_0554__
0.00s teardown tests/nemo_text_processing/hi/test_electronic.py::TestElectronic::test_denorm_1054__
0.00s teardown tests/nemo_text_processing/hi/test_electronic.py::TestElectronic::test_denorm_0842__
0.00s teardown tests/nemo_text_processing/hi/test_electronic.py::TestElectronic::test_denorm_0868__
0.00s teardown tests/nemo_text_processing/hi/test_electronic.py::TestElectronic::test_denorm_0887__
0.00s teardown tests/nemo_text_processing/hi/test_electronic.py::TestElectronic::test_denorm_0319__
0.00s teardown tests/nemo_text_processing/hi/test_electronic.py::TestElectronic::test_denorm_1053__
0.00s teardown tests/nemo_text_processing/hi/test_electronic.py::TestElectronic::test_denorm_0303__
0.00s teardown tests/nemo_text_processing/hi/test_electronic.py::TestElectronic::test_denorm_0800__
0.00s teardown tests/nemo_text_processing/hi/test_electronic.py::TestElectronic::test_denorm_0342__
0.00s teardown tests/nemo_text_processing/hi/test_electronic.py::TestElectronic::test_denorm_0003__
0.00s teardown tests/nemo_text_processing/hi/test_electronic.py::TestElectronic::test_denorm_0831__
0.00s teardown tests/nemo_text_processing/hi/test_electronic.py::TestElectronic::test_denorm_0940__
0.00s teardown tests/nemo_text_processing/hi/test_electronic.py::TestElectronic::test_denorm_0273__
0.00s teardown tests/nemo_text_processing/hi/test_electronic.py::TestElectronic::test_denorm_0904__
0.00s teardown tests/nemo_text_processing/hi/test_electronic.py::TestElectronic::test_denorm_0976__
0.00s teardown tests/nemo_text_processing/hi/test_electronic.py::TestElectronic::test_denorm_0139__
0.00s teardown tests/nemo_text_processing/hi/test_electronic.py::TestElectronic::test_denorm_0032__
0.00s teardown tests/nemo_text_processing/hi/test_electronic.py::TestElectronic::test_denorm_0761__
0.00s teardown tests/nemo_text_processing/hi/test_electronic.py::TestElectronic::test_denorm_0921__
0.00s teardown tests/nemo_text_processing/hi/test_electronic.py::TestElectronic::test_denorm_0990__
0.00s teardown tests/nemo_text_processing/hi/test_electronic.py::TestElectronic::test_denorm_0059__
0.00s teardown tests/nemo_text_processing/hi/test_electronic.py::TestElectronic::test_denorm_0099__
0.00s teardown tests/nemo_text_processing/hi/test_electronic.py::TestElectronic::test_denorm_0410__
0.00s teardown tests/nemo_text_processing/hi/test_electronic.py::TestElectronic::test_denorm_0672__
0.00s teardown tests/nemo_text_processing/hi/test_electronic.py::TestElectronic::test_denorm_0376__
0.00s teardown tests/nemo_text_processing/hi/test_electronic.py::TestElectronic::test_denorm_0723__
0.00s teardown tests/nemo_text_processing/hi/test_electronic.py::TestElectronic::test_denorm_0490__
0.00s teardown tests/nemo_text_processing/hi/test_electronic.py::TestElectronic::test_denorm_0951__
0.00s teardown tests/nemo_text_processing/hi/test_electronic.py::TestElectronic::test_denorm_0634__
0.00s teardown tests/nemo_text_processing/hi/test_electronic.py::TestElectronic::test_denorm_0160__
0.00s teardown tests/nemo_text_processing/hi/test_electronic.py::TestElectronic::test_denorm_0862__
0.00s teardown tests/nemo_text_processing/hi/test_electronic.py::TestElectronic::test_denorm_0864__
0.00s teardown tests/nemo_text_processing/hi/test_electronic.py::TestElectronic::test_denorm_0762__
0.00s teardown tests/nemo_text_processing/hi/test_electronic.py::TestElectronic::test_denorm_0803__
0.00s teardown tests/nemo_text_processing/hi/test_electronic.py::TestElectronic::test_denorm_0866__
0.00s teardown tests/nemo_text_processing/hi/test_electronic.py::TestElectronic::test_denorm_0060__
0.00s teardown tests/nemo_text_processing/hi/test_electronic.py::TestElectronic::test_denorm_0822__
0.00s teardown tests/nemo_text_processing/hi/test_electronic.py::TestElectronic::test_denorm_0995__
0.00s teardown tests/nemo_text_processing/hi/test_electronic.py::TestElectronic::test_denorm_0650__
0.00s teardown tests/nemo_text_processing/hi/test_electronic.py::TestElectronic::test_denorm_0562__
0.00s teardown tests/nemo_text_processing/hi/test_electronic.py::TestElectronic::test_denorm_0932__
0.00s teardown tests/nemo_text_processing/hi/test_electronic.py::TestElectronic::test_denorm_1050__
0.00s teardown tests/nemo_text_processing/hi/test_electronic.py::TestElectronic::test_denorm_0786__
0.00s teardown tests/nemo_text_processing/hi/test_electronic.py::TestElectronic::test_denorm_1037__
0.00s teardown tests/nemo_text_processing/hi/test_electronic.py::TestElectronic::test_denorm_0978__
0.00s teardown tests/nemo_text_processing/hi/test_electronic.py::TestElectronic::test_denorm_0986__
0.00s teardown tests/nemo_text_processing/hi/test_electronic.py::TestElectronic::test_denorm_0788__
0.00s teardown tests/nemo_text_processing/hi/test_electronic.py::TestElectronic::test_denorm_0051__
0.00s teardown tests/nemo_text_processing/hi/test_electronic.py::TestElectronic::test_denorm_0050__
0.00s teardown tests/nemo_text_processing/hi/test_electronic.py::TestElectronic::test_denorm_0140__
0.00s teardown tests/nemo_text_processing/hi/test_electronic.py::TestElectronic::test_denorm_0639__
0.00s teardown tests/nemo_text_processing/hi/test_electronic.py::TestElectronic::test_denorm_1046__
0.00s teardown tests/nemo_text_processing/hi/test_electronic.py::TestElectronic::test_denorm_0306__
0.00s teardown tests/nemo_text_processing/hi/test_electronic.py::TestElectronic::test_denorm_0571__
0.00s teardown tests/nemo_text_processing/hi/test_electronic.py::TestElectronic::test_denorm_0790__
0.00s teardown tests/nemo_text_processing/hi/test_electronic.py::TestElectronic::test_denorm_0176__
0.00s teardown tests/nemo_text_processing/hi/test_electronic.py::TestElectronic::test_denorm_1051__
0.00s teardown tests/nemo_text_processing/hi/test_electronic.py::TestElectronic::test_denorm_0922__
0.00s teardown tests/nemo_text_processing/hi/test_electronic.py::TestElectronic::test_denorm_1002__
0.00s teardown tests/nemo_text_processing/hi/test_electronic.py::TestElectronic::test_denorm_0467__
0.00s teardown tests/nemo_text_processing/hi/test_electronic.py::TestElectronic::test_denorm_0858__
0.00s teardown tests/nemo_text_processing/hi/test_electronic.py::TestElectronic::test_denorm_0137__
0.00s teardown tests/nemo_text_processing/hi/test_electronic.py::TestElectronic::test_denorm_0859__
0.00s teardown tests/nemo_text_processing/hi/test_electronic.py::TestElectronic::test_denorm_0863__
0.00s teardown tests/nemo_text_processing/hi/test_electronic.py::TestElectronic::test_denorm_0108__
0.00s teardown tests/nemo_text_processing/hi/test_electronic.py::TestElectronic::test_denorm_0993__
0.00s teardown tests/nemo_text_processing/hi/test_electronic.py::TestElectronic::test_denorm_0821__
0.00s teardown tests/nemo_text_processing/hi/test_electronic.py::TestElectronic::test_denorm_1032__
0.00s teardown tests/nemo_text_processing/hi/test_electronic.py::TestElectronic::test_denorm_0378__
0.00s teardown tests/nemo_text_processing/hi/test_electronic.py::TestElectronic::test_denorm_1068__
0.00s teardown tests/nemo_text_processing/hi/test_electronic.py::TestElectronic::test_denorm_0083__
0.00s teardown tests/nemo_text_processing/hi/test_electronic.py::TestElectronic::test_denorm_0633__
0.00s teardown tests/nemo_text_processing/hi/test_electronic.py::TestElectronic::test_denorm_0251__
=========================== short test summary info ===========================
FAILED tests/nemo_text_processing/hi/test_electronic.py::TestElectronic::test_denorm_0083__ - AssertionError: 
  Input:    एच टी टी पी एस कोलन फॉरवर्ड स्लैश फॉरवर्ड स्लैश मोज़ डॉट कॉम फॉरवर्ड स्लैश डोमेन हाइफ़न अनैलिसिस फॉरवर्ड स्लैश डब्ल्यू डब्ल्यू डब्ल्यू डॉट गूगल डॉट कॉम
  Expected: https://moz.com/domain-analysis/www.google.com
  Got:      https://moz.com/domain-analysis/ www.google.com
assert 'https://moz.com/domain-analysis/ www.google.com' == 'https://moz.com/domain-analysis/www.google.com'
  
  - https://moz.com/domain-analysis/www.google.com
  + https://moz.com/domain-analysis/ www.google.com
  ?                                 +
FAILED tests/nemo_text_processing/hi/test_electronic.py::TestElectronic::test_denorm_0084__ - AssertionError: 
  Input:    एच टी टी पी एस कोलन फॉरवर्ड स्लैश फॉरवर्ड स्लैश मोज़ डॉट कॉम फॉरवर्ड स्लैश डोमेन हाइफ़न अनैलिसिस फॉरवर्ड स्लैश डब्ल्यू डब्ल्यू डब्ल्यू डॉट ब्लॉगर डॉट कॉम
  Expected: https://moz.com/domain-analysis/www.blogger.com
  Got:      https://moz.com/domain-analysis/ www.blogger.com
assert 'https://moz.com/domain-analysis/ www.blogger.com' == 'https://moz.com/domain-analysis/www.blogger.com'
  
  - https://moz.com/domain-analysis/www.blogger.com
  + https://moz.com/domain-analysis/ www.blogger.com
  ?                                 +
FAILED tests/nemo_text_processing/hi/test_electronic.py::TestElectronic::test_denorm_0093__ - AssertionError: 
  Input:    एच टी टी पी एस कोलन फॉरवर्ड स्लैश फॉरवर्ड स्लैश गिटहब डॉट कॉम फॉरवर्ड स्लैश एच आई पी ओ फॉरवर्ड स्लैश यूनिवर्सिटी हाइफ़न डोमेन्स हाइफ़न लिस्ट फॉरवर्ड स्लैश ब्लॉब फॉरवर्ड स्लैश मास्टर फॉरवर्ड स्लैश वर्ल्ड अंडर स्कोर यूनिवर्सिटीज़ अंडर स्कोर एंड अंडर स्कोर डोमेन्स डॉट जे एस ओ एन
  Expected: https://github.com/Hipo/university-domains-list/blob/master/world_universities_and_domains.json
  Got:      https://github.com/ Hipo /university-domains-list/blob/master/world_universities_and_domains.json
assert 'https://github.com/ Hipo /university-domains-list/blob/master/world_universities_and_domains.json' == 'https://github.com/Hipo/university-domains-list/blob/master/world_universities_and_domains.json'
  
  - https://github.com/Hipo/university-domains-list/blob/master/world_universities_and_domains.json
  + https://github.com/ Hipo /university-domains-list/blob/master/world_universities_and_domains.json
  ?                    +    +
FAILED tests/nemo_text_processing/hi/test_electronic.py::TestElectronic::test_denorm_0213__ - AssertionError: 
  Input:    एच टी टी पी कोलन फॉरवर्ड स्लैश फॉरवर्ड स्लैश डब्ल्यू डब्ल्यू डब्ल्यू डॉट वेब एम डी डॉट कॉम फॉरवर्ड स्लैश डिफ़ॉल्ट डॉट एच टी एम
  Expected: http://www.webd.com/default.htm
  Got:      http://www.webmd.com/default.htm
assert 'http://www.webmd.com/default.htm' == 'http://www.webd.com/default.htm'
  
  - http://www.webd.com/default.htm
  + http://www.webmd.com/default.htm
  ?               +
FAILED tests/nemo_text_processing/hi/test_electronic.py::TestElectronic::test_denorm_0687__ - AssertionError: 
  Input:    एच टी टी पी एस कोलन फॉरवर्ड स्लैश फॉरवर्ड स्लैश ई एन डॉट विकिपीडिया डॉट ऑर्ग फॉरवर्ड स्लैश विकी फॉरवर्ड स्लैश एम ए आई एन अंडर स्कोर पी ए जी ई
  Expected: https://en.wikipedia.org/wiki/Main_Page
  Got:      https://en.wikipedia.org /wiki/main_page
assert 'https://en.wikipedia.org /wiki/main_page' == 'https://en.wikipedia.org/wiki/Main_Page'
  
  - https://en.wikipedia.org/wiki/Main_Page
  ?                               ^    ^
  + https://en.wikipedia.org /wiki/main_page
  ?                         +      ^    ^
FAILED tests/nemo_text_processing/hi/test_electronic.py::TestElectronic::test_denorm_0699_ - AssertionError: 
  Input:    
  Expected: [' फॉरवर्ड स्लैश वर्क फॉरवर्ड स्लैश ओ एस अंडर स्कोर सी ओ ओ आर डी अंडर स्कोर ओ आर डी आई एन ए एन सी ई अंडर स्कोर सर्वे डॉट एच', '', '/work/os_coord_ordinance_survey.h']
  Got:      
assert '' == [' \u092b\u0949\u0930\u0935\u0930\u094d\u0921 \u0938\u094d\u0932\u0948\u0936 \u0935\u0930\u094d\u0915 \u092b\u0949\u0930\u0935\u0930\u094d\u0921 \u0938\u094d\u0932\u0948\u0936 \u0913 \u090f\u0938 \u0905\u0902\u0921\u0930 \u0938\u094d\u0915\u094b\u0930 \u0938\u0940 \u0913 \u0913 \u0906\u0930 \u0921\u0940 \u0905\u0902\u0921\u0930 \u0938\u094d\u0915\u094b\u0930 \u0913 \u0906\u0930 \u0921\u0940 \u0906\u0908 \u090f\u0928 \u090f \u090f\u0928 \u0938\u0940 \u0908 \u0905\u0902\u0921\u0930 \u0938\u094d\u0915\u094b\u0930 \u0938\u0930\u094d\u0935\u0947 \u0921\u0949\u091f \u090f\u091a', '', '/work/os_coord_ordinance_survey.h']
FAILED tests/nemo_text_processing/hi/test_electronic.py::TestElectronic::test_denorm_0911__ - AssertionError: 
  Input:    पाँच जी
  Expected: 5जी
  Got:      5G
assert '5G' == '5जी'
  
  - 5जी
  + 5G
FAILED tests/nemo_text_processing/hi/test_electronic.py::TestElectronic::test_denorm_0986__ - AssertionError: 
  Input:    चेंगदू (ए वी आई सी) जे हाइफ़न दो शून्य
  Expected: चेंगदू (AVIC) J-20
  Got:      चेंगदू ( AVIC) J-20
assert 'चेंगदू ( AVIC) J-20' == 'चेंगदू (AVIC) J-20'
  
  - चेंगदू (AVIC) J-20
  + चेंगदू ( AVIC) J-20
  ?         +
================= 8 failed, 1147 passed in 418.35s (0:06:58) ==================
